-------------------------------------------------------------------------------
Test set: org.apache.commons.collections.BulkTest
-------------------------------------------------------------------------------
Tests run: 1, Failures: 1, Errors: 0, Skipped: 0, Time elapsed: 0.037 sec <<< FAILURE! - in org.apache.commons.collections.BulkTest
warning(junit.framework.TestSuite$1)  Time elapsed: 0.017 sec  <<< FAILURE!
junit.framework.AssertionFailedError: No tests found in org.apache.commons.collections.BulkTest
	at junit.framework.Assert.fail(Assert.java:47)
	at junit.framework.TestSuite$1.runTest(TestSuite.java:97)

