<?xml version="1.0" encoding="UTF-8" ?>
<testsuite failures="3" time="0.112" errors="0" skipped="0" tests="33" name="org.apache.commons.lang3.time.DateUtilsTest">
  <properties>
    <property name="java.runtime.name" value="OpenJDK Runtime Environment"/>
    <property name="sun.boot.library.path" value="/usr/lib/jvm/java-7-openjdk-amd64/jre/lib/amd64"/>
    <property name="java.vm.version" value="24.95-b01"/>
    <property name="java.vm.vendor" value="Oracle Corporation"/>
    <property name="java.vendor.url" value="http://java.oracle.com/"/>
    <property name="path.separator" value=":"/>
    <property name="java.vm.name" value="OpenJDK 64-Bit Server VM"/>
    <property name="file.encoding.pkg" value="sun.io"/>
    <property name="user.country" value="US"/>
    <property name="sun.java.launcher" value="SUN_STANDARD"/>
    <property name="sun.os.patch.level" value="unknown"/>
    <property name="java.vm.specification.name" value="Java Virtual Machine Specification"/>
    <property name="user.dir" value="/mnt/secondary/projects/lang/lang_20"/>
    <property name="java.runtime.version" value="1.7.0_95-b00"/>
    <property name="java.awt.graphicsenv" value="sun.awt.X11GraphicsEnvironment"/>
    <property name="doesnotwork" value="It work&apos;s!"/>
    <property name="basedir" value="/mnt/secondary/projects/lang/lang_20"/>
    <property name="java.endorsed.dirs" value="/usr/lib/jvm/java-7-openjdk-amd64/jre/lib/endorsed"/>
    <property name="os.arch" value="amd64"/>
    <property name="surefire.real.class.path" value="/mnt/secondary/projects/lang/lang_20/target/surefire/surefirebooter1152102759177203531.jar"/>
    <property name="java.io.tmpdir" value="/tmp"/>
    <property name="line.separator" value="
"/>
    <property name="java.vm.specification.vendor" value="Oracle Corporation"/>
    <property name="os.name" value="Linux"/>
    <property name="sun.jnu.encoding" value="UTF-8"/>
    <property name="java.library.path" value="/home/thomas/jetbreain/idea-IU/bin::/usr/java/packages/lib/amd64:/usr/lib/x86_64-linux-gnu/jni:/lib/x86_64-linux-gnu:/usr/lib/x86_64-linux-gnu:/usr/lib/jni:/lib:/usr/lib"/>
    <property name="surefire.test.class.path" value="/mnt/secondary/projects/lang/lang_20/target/test-classes:/mnt/secondary/projects/lang/lang_20/target/classes:/home/thomas/.m2/repository/junit/junit/4.7/junit-4.7.jar:/home/thomas/.m2/repository/org/easymock/easymock/2.5.2/easymock-2.5.2.jar:"/>
    <property name="java.specification.name" value="Java Platform API Specification"/>
    <property name="java.class.version" value="51.0"/>
    <property name="sun.management.compiler" value="HotSpot 64-Bit Tiered Compilers"/>
    <property name="os.version" value="4.4.0-67-generic"/>
    <property name="user.home" value="/home/thomas"/>
    <property name="user.timezone" value="GMT+01:00"/>
    <property name="java.awt.printerjob" value="sun.print.PSPrinterJob"/>
    <property name="java.specification.version" value="1.7"/>
    <property name="file.encoding" value="UTF-8"/>
    <property name="user.name" value="thomas"/>
    <property name="java.class.path" value="/mnt/secondary/projects/lang/lang_20/target/test-classes:/mnt/secondary/projects/lang/lang_20/target/classes:/home/thomas/.m2/repository/junit/junit/4.7/junit-4.7.jar:/home/thomas/.m2/repository/org/easymock/easymock/2.5.2/easymock-2.5.2.jar:"/>
    <property name="java.vm.specification.version" value="1.7"/>
    <property name="sun.arch.data.model" value="64"/>
    <property name="java.home" value="/usr/lib/jvm/java-7-openjdk-amd64/jre"/>
    <property name="sun.java.command" value="/mnt/secondary/projects/lang/lang_20/target/surefire/surefirebooter1152102759177203531.jar /mnt/secondary/projects/lang/lang_20/target/surefire/surefire4996696247720108345tmp /mnt/secondary/projects/lang/lang_20/target/surefire/surefire892403163129872658tmp"/>
    <property name="java.specification.vendor" value="Oracle Corporation"/>
    <property name="user.language" value="en"/>
    <property name="awt.toolkit" value="sun.awt.X11.XToolkit"/>
    <property name="java.vm.info" value="mixed mode"/>
    <property name="java.version" value="1.7.0_95"/>
    <property name="java.ext.dirs" value="/usr/lib/jvm/java-7-openjdk-amd64/jre/lib/ext:/usr/java/packages/lib/ext"/>
    <property name="sun.boot.class.path" value="/usr/lib/jvm/java-7-openjdk-amd64/jre/lib/resources.jar:/usr/lib/jvm/java-7-openjdk-amd64/jre/lib/rt.jar:/usr/lib/jvm/java-7-openjdk-amd64/jre/lib/sunrsasign.jar:/usr/lib/jvm/java-7-openjdk-amd64/jre/lib/jsse.jar:/usr/lib/jvm/java-7-openjdk-amd64/jre/lib/jce.jar:/usr/lib/jvm/java-7-openjdk-amd64/jre/lib/charsets.jar:/usr/lib/jvm/java-7-openjdk-amd64/jre/lib/rhino.jar:/usr/lib/jvm/java-7-openjdk-amd64/jre/lib/jfr.jar:/usr/lib/jvm/java-7-openjdk-amd64/jre/classes"/>
    <property name="java.vendor" value="Oracle Corporation"/>
    <property name="localRepository" value="/home/thomas/.m2/repository"/>
    <property name="file.separator" value="/"/>
    <property name="java.vendor.url.bug" value="http://bugreport.sun.com/bugreport/"/>
    <property name="sun.cpu.endian" value="little"/>
    <property name="sun.io.unicode.encoding" value="UnicodeLittle"/>
    <property name="sun.desktop" value="gnome"/>
    <property name="sun.cpu.isalist" value=""/>
  </properties>
  <testcase time="0.004" classname="org.apache.commons.lang3.time.DateUtilsTest" name="testConstructor"/>
  <testcase time="0.002" classname="org.apache.commons.lang3.time.DateUtilsTest" name="testParseDateWithLeniency"/>
  <testcase time="0.001" classname="org.apache.commons.lang3.time.DateUtilsTest" name="testAddYears"/>
  <testcase time="0.001" classname="org.apache.commons.lang3.time.DateUtilsTest" name="testAddMonths"/>
  <testcase time="0.002" classname="org.apache.commons.lang3.time.DateUtilsTest" name="testAddWeeks"/>
  <testcase time="0.001" classname="org.apache.commons.lang3.time.DateUtilsTest" name="testAddDays"/>
  <testcase time="0.001" classname="org.apache.commons.lang3.time.DateUtilsTest" name="testAddHours"/>
  <testcase time="0.001" classname="org.apache.commons.lang3.time.DateUtilsTest" name="testAddMinutes"/>
  <testcase time="0.001" classname="org.apache.commons.lang3.time.DateUtilsTest" name="testAddSeconds"/>
  <testcase time="0.001" classname="org.apache.commons.lang3.time.DateUtilsTest" name="testAddMilliseconds"/>
  <testcase time="0.001" classname="org.apache.commons.lang3.time.DateUtilsTest" name="testSetYears"/>
  <testcase time="0.001" classname="org.apache.commons.lang3.time.DateUtilsTest" name="testSetMonths"/>
  <testcase time="0.002" classname="org.apache.commons.lang3.time.DateUtilsTest" name="testSetDays"/>
  <testcase time="0.002" classname="org.apache.commons.lang3.time.DateUtilsTest" name="testSetHours"/>
  <testcase time="0.002" classname="org.apache.commons.lang3.time.DateUtilsTest" name="testSetMinutes"/>
  <testcase time="0.002" classname="org.apache.commons.lang3.time.DateUtilsTest" name="testSetSeconds"/>
  <testcase time="0.002" classname="org.apache.commons.lang3.time.DateUtilsTest" name="testSetMilliseconds"/>
  <testcase time="0.001" classname="org.apache.commons.lang3.time.DateUtilsTest" name="testToCalendar"/>
  <testcase time="0.012" classname="org.apache.commons.lang3.time.DateUtilsTest" name="testRound">
    <failure message="round MET date across DST change-over expected:&lt;Sun Mar 30 03:00:00 GMT 2003&gt; but was:&lt;Sun Mar 30 02:00:00 GMT 2003&gt;" type="junit.framework.AssertionFailedError">junit.framework.AssertionFailedError: round MET date across DST change-over expected:&lt;Sun Mar 30 03:00:00 GMT 2003&gt; but was:&lt;Sun Mar 30 02:00:00 GMT 2003&gt;
	at junit.framework.Assert.fail(Assert.java:47)
	at junit.framework.Assert.failNotEquals(Assert.java:277)
	at junit.framework.Assert.assertEquals(Assert.java:64)
	at org.apache.commons.lang3.time.DateUtilsTest.testRound(DateUtilsTest.java:816)
	at sun.reflect.NativeMethodAccessorImpl.invoke0(Native Method)
	at sun.reflect.NativeMethodAccessorImpl.invoke(NativeMethodAccessorImpl.java:57)
	at sun.reflect.DelegatingMethodAccessorImpl.invoke(DelegatingMethodAccessorImpl.java:43)
	at java.lang.reflect.Method.invoke(Method.java:606)
	at junit.framework.TestCase.runTest(TestCase.java:168)
	at junit.framework.TestCase.runBare(TestCase.java:134)
	at junit.framework.TestResult$1.protect(TestResult.java:110)
	at junit.framework.TestResult.runProtected(TestResult.java:128)
	at junit.framework.TestResult.run(TestResult.java:113)
	at junit.framework.TestCase.run(TestCase.java:124)
	at junit.framework.TestSuite.runTest(TestSuite.java:232)
	at junit.framework.TestSuite.run(TestSuite.java:227)
	at org.junit.internal.runners.JUnit38ClassRunner.run(JUnit38ClassRunner.java:83)
	at org.apache.maven.surefire.junit4.JUnit4TestSet.execute(JUnit4TestSet.java:53)
	at org.apache.maven.surefire.junit4.JUnit4Provider.executeTestSet(JUnit4Provider.java:119)
	at org.apache.maven.surefire.junit4.JUnit4Provider.invoke(JUnit4Provider.java:101)
	at sun.reflect.NativeMethodAccessorImpl.invoke0(Native Method)
	at sun.reflect.NativeMethodAccessorImpl.invoke(NativeMethodAccessorImpl.java:57)
	at sun.reflect.DelegatingMethodAccessorImpl.invoke(DelegatingMethodAccessorImpl.java:43)
	at java.lang.reflect.Method.invoke(Method.java:606)
	at org.apache.maven.surefire.booter.ProviderFactory$ClassLoaderProxy.invoke(ProviderFactory.java:103)
	at com.sun.proxy.$Proxy0.invoke(Unknown Source)
	at org.apache.maven.surefire.booter.SurefireStarter.invokeProvider(SurefireStarter.java:150)
	at org.apache.maven.surefire.booter.SurefireStarter.runSuitesInProcess(SurefireStarter.java:91)
	at org.apache.maven.surefire.booter.ForkedBooter.main(ForkedBooter.java:69)
</failure>
  </testcase>
  <testcase time="0.002" classname="org.apache.commons.lang3.time.DateUtilsTest" name="testRoundLang346"/>
  <testcase time="0.006" classname="org.apache.commons.lang3.time.DateUtilsTest" name="testTruncate"/>
  <testcase time="0.002" classname="org.apache.commons.lang3.time.DateUtilsTest" name="testTruncateLang59">
    <failure message="Check 00:00:00.000 expected:&lt;2004-10-31 0[0:00:00.000 MD]T&gt; but was:&lt;2004-10-31 0[6:00:00.000 GM]T&gt;" type="junit.framework.ComparisonFailure">junit.framework.ComparisonFailure: Check 00:00:00.000 expected:&lt;2004-10-31 0[0:00:00.000 MD]T&gt; but was:&lt;2004-10-31 0[6:00:00.000 GM]T&gt;
	at junit.framework.Assert.assertEquals(Assert.java:81)
	at org.apache.commons.lang3.time.DateUtilsTest.testTruncateLang59(DateUtilsTest.java:1119)
	at sun.reflect.NativeMethodAccessorImpl.invoke0(Native Method)
	at sun.reflect.NativeMethodAccessorImpl.invoke(NativeMethodAccessorImpl.java:57)
	at sun.reflect.DelegatingMethodAccessorImpl.invoke(DelegatingMethodAccessorImpl.java:43)
	at java.lang.reflect.Method.invoke(Method.java:606)
	at junit.framework.TestCase.runTest(TestCase.java:168)
	at junit.framework.TestCase.runBare(TestCase.java:134)
	at junit.framework.TestResult$1.protect(TestResult.java:110)
	at junit.framework.TestResult.runProtected(TestResult.java:128)
	at junit.framework.TestResult.run(TestResult.java:113)
	at junit.framework.TestCase.run(TestCase.java:124)
	at junit.framework.TestSuite.runTest(TestSuite.java:232)
	at junit.framework.TestSuite.run(TestSuite.java:227)
	at org.junit.internal.runners.JUnit38ClassRunner.run(JUnit38ClassRunner.java:83)
	at org.apache.maven.surefire.junit4.JUnit4TestSet.execute(JUnit4TestSet.java:53)
	at org.apache.maven.surefire.junit4.JUnit4Provider.executeTestSet(JUnit4Provider.java:119)
	at org.apache.maven.surefire.junit4.JUnit4Provider.invoke(JUnit4Provider.java:101)
	at sun.reflect.NativeMethodAccessorImpl.invoke0(Native Method)
	at sun.reflect.NativeMethodAccessorImpl.invoke(NativeMethodAccessorImpl.java:57)
	at sun.reflect.DelegatingMethodAccessorImpl.invoke(DelegatingMethodAccessorImpl.java:43)
	at java.lang.reflect.Method.invoke(Method.java:606)
	at org.apache.maven.surefire.booter.ProviderFactory$ClassLoaderProxy.invoke(ProviderFactory.java:103)
	at com.sun.proxy.$Proxy0.invoke(Unknown Source)
	at org.apache.maven.surefire.booter.SurefireStarter.invokeProvider(SurefireStarter.java:150)
	at org.apache.maven.surefire.booter.SurefireStarter.runSuitesInProcess(SurefireStarter.java:91)
	at org.apache.maven.surefire.booter.ForkedBooter.main(ForkedBooter.java:69)
</failure>
  </testcase>
  <testcase time="0.008" classname="org.apache.commons.lang3.time.DateUtilsTest" name="testLang530"/>
  <testcase time="0.008" classname="org.apache.commons.lang3.time.DateUtilsTest" name="testCeil">
    <failure message="ceiling MET date across DST change-over expected:&lt;Sun Mar 30 03:00:00 GMT 2003&gt; but was:&lt;Sun Mar 30 02:00:00 GMT 2003&gt;" type="junit.framework.AssertionFailedError">junit.framework.AssertionFailedError: ceiling MET date across DST change-over expected:&lt;Sun Mar 30 03:00:00 GMT 2003&gt; but was:&lt;Sun Mar 30 02:00:00 GMT 2003&gt;
	at junit.framework.Assert.fail(Assert.java:47)
	at junit.framework.Assert.failNotEquals(Assert.java:277)
	at junit.framework.Assert.assertEquals(Assert.java:64)
	at org.apache.commons.lang3.time.DateUtilsTest.testCeil(DateUtilsTest.java:1383)
	at sun.reflect.NativeMethodAccessorImpl.invoke0(Native Method)
	at sun.reflect.NativeMethodAccessorImpl.invoke(NativeMethodAccessorImpl.java:57)
	at sun.reflect.DelegatingMethodAccessorImpl.invoke(DelegatingMethodAccessorImpl.java:43)
	at java.lang.reflect.Method.invoke(Method.java:606)
	at junit.framework.TestCase.runTest(TestCase.java:168)
	at junit.framework.TestCase.runBare(TestCase.java:134)
	at junit.framework.TestResult$1.protect(TestResult.java:110)
	at junit.framework.TestResult.runProtected(TestResult.java:128)
	at junit.framework.TestResult.run(TestResult.java:113)
	at junit.framework.TestCase.run(TestCase.java:124)
	at junit.framework.TestSuite.runTest(TestSuite.java:232)
	at junit.framework.TestSuite.run(TestSuite.java:227)
	at org.junit.internal.runners.JUnit38ClassRunner.run(JUnit38ClassRunner.java:83)
	at org.apache.maven.surefire.junit4.JUnit4TestSet.execute(JUnit4TestSet.java:53)
	at org.apache.maven.surefire.junit4.JUnit4Provider.executeTestSet(JUnit4Provider.java:119)
	at org.apache.maven.surefire.junit4.JUnit4Provider.invoke(JUnit4Provider.java:101)
	at sun.reflect.NativeMethodAccessorImpl.invoke0(Native Method)
	at sun.reflect.NativeMethodAccessorImpl.invoke(NativeMethodAccessorImpl.java:57)
	at sun.reflect.DelegatingMethodAccessorImpl.invoke(DelegatingMethodAccessorImpl.java:43)
	at java.lang.reflect.Method.invoke(Method.java:606)
	at org.apache.maven.surefire.booter.ProviderFactory$ClassLoaderProxy.invoke(ProviderFactory.java:103)
	at com.sun.proxy.$Proxy0.invoke(Unknown Source)
	at org.apache.maven.surefire.booter.SurefireStarter.invokeProvider(SurefireStarter.java:150)
	at org.apache.maven.surefire.booter.SurefireStarter.runSuitesInProcess(SurefireStarter.java:91)
	at org.apache.maven.surefire.booter.ForkedBooter.main(ForkedBooter.java:69)
</failure>
  </testcase>
  <testcase time="0.001" classname="org.apache.commons.lang3.time.DateUtilsTest" name="testIteratorEx"/>
  <testcase time="0.012" classname="org.apache.commons.lang3.time.DateUtilsTest" name="testWeekIterator"/>
  <testcase time="0.007" classname="org.apache.commons.lang3.time.DateUtilsTest" name="testMonthIterator"/>
  <testcase time="0.002" classname="org.apache.commons.lang3.time.DateUtilsTest" name="testIsSameDay_Date"/>
  <testcase time="0.002" classname="org.apache.commons.lang3.time.DateUtilsTest" name="testIsSameDay_Cal"/>
  <testcase time="0.002" classname="org.apache.commons.lang3.time.DateUtilsTest" name="testIsSameInstant_Date"/>
  <testcase time="0.001" classname="org.apache.commons.lang3.time.DateUtilsTest" name="testIsSameInstant_Cal"/>
  <testcase time="0.002" classname="org.apache.commons.lang3.time.DateUtilsTest" name="testIsSameLocalTime_Cal"/>
  <testcase time="0.002" classname="org.apache.commons.lang3.time.DateUtilsTest" name="testParseDate"/>
</testsuite>