{"endInit":1502962611218,"executions":[{"result":{"type":"test","success":true},"startDate":1502962614716,"locations":[{"sourceEnd":5497,"executionCount":0,"line":110,"class":"org.apache.commons.math3.geometry.euclidean.threed.SubLine","sourceStart":3930}],"test":{"name":"testIntersectionNotIntersecting","class":"org.apache.commons.math3.geometry.euclidean.threed.SubLineTest"},"decisions":[{"nbUse":2,"location":{"sourceEnd":5497,"line":110,"class":"org.apache.commons.math3.geometry.euclidean.threed.SubLine","sourceStart":3930},"value":{"instanceType":"Primitive","value":"null","class":"null"},"epsilon":0,"strategy":"Strat4 NULL","used":true,"decisionType":"NEW"}],"endDate":1502962614834,"metadata":{"seed":10,"strategy_selection":"exploration"}},{"result":{"error":"testIntersectionNotIntersecting(org.apache.commons.math3.geometry.euclidean.threed.SubLineTest): expected null, but was:<{0; -1; 0}>\nclass java.lang.AssertionError: expected null, but was:<{0; -1; 0}>\n    at org.junit.Assert.fail(Assert.java:88)\n    at org.junit.Assert.failNotNull(Assert.java:664)\n    at org.junit.Assert.assertNull(Assert.java:646)\n    at org.junit.Assert.assertNull(Assert.java:656)\n    at org.apache.commons.math3.geometry.euclidean.threed.SubLineTest.testIntersectionNotIntersecting(SubLineTest.java:160)\n    at sun.reflect.NativeMethodAccessorImpl.invoke0(NativeMethodAccessorImpl.java:-2)\n    at sun.reflect.NativeMethodAccessorImpl.invoke(NativeMethodAccessorImpl.java:57)\n    at sun.reflect.DelegatingMethodAccessorImpl.invoke(DelegatingMethodAccessorImpl.java:43)\n    at java.lang.reflect.Method.invoke(Method.java:606)\n    at org.junit.runners.model.FrameworkMethod$1.runReflectiveCall(FrameworkMethod.java:47)\n    at org.junit.internal.runners.model.ReflectiveCallable.run(ReflectiveCallable.java:12)\n    at org.junit.runners.model.FrameworkMethod.invokeExplosively(FrameworkMethod.java:44)\n    at org.junit.internal.runners.statements.InvokeMethod.evaluate(InvokeMethod.java:17)\n    at org.junit.runners.ParentRunner.runLeaf(ParentRunner.java:271)\n    at org.junit.runners.BlockJUnit4ClassRunner.runChild(BlockJUnit4ClassRunner.java:70)\n    at org.junit.runners.BlockJUnit4ClassRunner.runChild(BlockJUnit4ClassRunner.java:50)\n    at org.junit.runners.ParentRunner$3.run(ParentRunner.java:238)\n    at org.junit.runners.ParentRunner$1.schedule(ParentRunner.java:63)\n    at org.junit.runners.ParentRunner.runChildren(ParentRunner.java:236)\n    at org.junit.runners.ParentRunner.access$000(ParentRunner.java:53)\n    at org.junit.runners.ParentRunner$2.evaluate(ParentRunner.java:229)\n    at org.junit.runners.ParentRunner.run(ParentRunner.java:309)\n    at org.junit.runner.JUnitCore.run(JUnitCore.java:160)\n    at org.junit.runner.JUnitCore.run(JUnitCore.java:138)\n    at utils.sacha.runner.main.TestRunner.run(TestRunner.java:70)\n\n\n","type":"test","success":false},"startDate":1502962614834,"locations":[{"sourceEnd":5497,"executionCount":0,"line":110,"class":"org.apache.commons.math3.geometry.euclidean.threed.SubLine","sourceStart":3930}],"test":{"name":"testIntersectionNotIntersecting","class":"org.apache.commons.math3.geometry.euclidean.threed.SubLineTest"},"decisions":[{"nbUse":1,"location":{"sourceEnd":5497,"line":110,"class":"org.apache.commons.math3.geometry.euclidean.threed.SubLine","sourceStart":3930},"value":{"instanceType":"StaticVariable","class":"org.apache.commons.math3.geometry.euclidean.threed.Vector3D","fieldName":"MINUS_J"},"epsilon":0,"strategy":"Strat4 VAR","used":true,"decisionType":"NEW"}],"endDate":1502962614906,"metadata":{"seed":10,"strategy_selection":"exploration"}},{"result":{"error":"testIntersectionNotIntersecting(org.apache.commons.math3.geometry.euclidean.threed.SubLineTest): expected null, but was:<{0; 0; -1}>\nclass java.lang.AssertionError: expected null, but was:<{0; 0; -1}>\n    at org.junit.Assert.fail(Assert.java:88)\n    at org.junit.Assert.failNotNull(Assert.java:664)\n    at org.junit.Assert.assertNull(Assert.java:646)\n    at org.junit.Assert.assertNull(Assert.java:656)\n    at org.apache.commons.math3.geometry.euclidean.threed.SubLineTest.testIntersectionNotIntersecting(SubLineTest.java:160)\n    at sun.reflect.NativeMethodAccessorImpl.invoke0(NativeMethodAccessorImpl.java:-2)\n    at sun.reflect.NativeMethodAccessorImpl.invoke(NativeMethodAccessorImpl.java:57)\n    at sun.reflect.DelegatingMethodAccessorImpl.invoke(DelegatingMethodAccessorImpl.java:43)\n    at java.lang.reflect.Method.invoke(Method.java:606)\n    at org.junit.runners.model.FrameworkMethod$1.runReflectiveCall(FrameworkMethod.java:47)\n    at org.junit.internal.runners.model.ReflectiveCallable.run(ReflectiveCallable.java:12)\n    at org.junit.runners.model.FrameworkMethod.invokeExplosively(FrameworkMethod.java:44)\n    at org.junit.internal.runners.statements.InvokeMethod.evaluate(InvokeMethod.java:17)\n    at org.junit.runners.ParentRunner.runLeaf(ParentRunner.java:271)\n    at org.junit.runners.BlockJUnit4ClassRunner.runChild(BlockJUnit4ClassRunner.java:70)\n    at org.junit.runners.BlockJUnit4ClassRunner.runChild(BlockJUnit4ClassRunner.java:50)\n    at org.junit.runners.ParentRunner$3.run(ParentRunner.java:238)\n    at org.junit.runners.ParentRunner$1.schedule(ParentRunner.java:63)\n    at org.junit.runners.ParentRunner.runChildren(ParentRunner.java:236)\n    at org.junit.runners.ParentRunner.access$000(ParentRunner.java:53)\n    at org.junit.runners.ParentRunner$2.evaluate(ParentRunner.java:229)\n    at org.junit.runners.ParentRunner.run(ParentRunner.java:309)\n    at org.junit.runner.JUnitCore.run(JUnitCore.java:160)\n    at org.junit.runner.JUnitCore.run(JUnitCore.java:138)\n    at utils.sacha.runner.main.TestRunner.run(TestRunner.java:70)\n\n\n","type":"test","success":false},"startDate":1502962614907,"locations":[{"sourceEnd":5497,"executionCount":0,"line":110,"class":"org.apache.commons.math3.geometry.euclidean.threed.SubLine","sourceStart":3930}],"test":{"name":"testIntersectionNotIntersecting","class":"org.apache.commons.math3.geometry.euclidean.threed.SubLineTest"},"decisions":[{"nbUse":1,"location":{"sourceEnd":5497,"line":110,"class":"org.apache.commons.math3.geometry.euclidean.threed.SubLine","sourceStart":3930},"value":{"instanceType":"StaticVariable","class":"org.apache.commons.math3.geometry.euclidean.threed.Vector3D","fieldName":"MINUS_K"},"epsilon":0,"strategy":"Strat4 VAR","used":true,"decisionType":"NEW"}],"endDate":1502962614946,"metadata":{"seed":10,"strategy_selection":"exploration"}},{"result":{"type":"test","success":true},"startDate":1502962614427,"locations":[{"sourceEnd":5923,"executionCount":0,"line":110,"class":"org.apache.commons.math3.geometry.euclidean.twod.SubLine","sourceStart":4218}],"test":{"name":"testIntersectionParallel","class":"org.apache.commons.math3.geometry.euclidean.twod.SubLineTest"},"decisions":[{"nbUse":2,"location":{"sourceEnd":5923,"line":110,"class":"org.apache.commons.math3.geometry.euclidean.twod.SubLine","sourceStart":4218},"value":{"instanceType":"Primitive","value":"null","class":"null"},"epsilon":0,"strategy":"Strat4 NULL","used":true,"decisionType":"NEW"}],"endDate":1502962614668,"metadata":{"seed":10,"strategy_selection":"exploration"}},{"result":{"error":"testIntersectionParallel(org.apache.commons.math3.geometry.euclidean.twod.SubLineTest): expected null, but was:<{(NaN); (NaN)}>\nclass java.lang.AssertionError: expected null, but was:<{(NaN); (NaN)}>\n    at org.junit.Assert.fail(Assert.java:88)\n    at org.junit.Assert.failNotNull(Assert.java:664)\n    at org.junit.Assert.assertNull(Assert.java:646)\n    at org.junit.Assert.assertNull(Assert.java:656)\n    at org.apache.commons.math3.geometry.euclidean.twod.SubLineTest.testIntersectionParallel(SubLineTest.java:151)\n    at sun.reflect.NativeMethodAccessorImpl.invoke0(NativeMethodAccessorImpl.java:-2)\n    at sun.reflect.NativeMethodAccessorImpl.invoke(NativeMethodAccessorImpl.java:57)\n    at sun.reflect.DelegatingMethodAccessorImpl.invoke(DelegatingMethodAccessorImpl.java:43)\n    at java.lang.reflect.Method.invoke(Method.java:606)\n    at org.junit.runners.model.FrameworkMethod$1.runReflectiveCall(FrameworkMethod.java:47)\n    at org.junit.internal.runners.model.ReflectiveCallable.run(ReflectiveCallable.java:12)\n    at org.junit.runners.model.FrameworkMethod.invokeExplosively(FrameworkMethod.java:44)\n    at org.junit.internal.runners.statements.InvokeMethod.evaluate(InvokeMethod.java:17)\n    at org.junit.runners.ParentRunner.runLeaf(ParentRunner.java:271)\n    at org.junit.runners.BlockJUnit4ClassRunner.runChild(BlockJUnit4ClassRunner.java:70)\n    at org.junit.runners.BlockJUnit4ClassRunner.runChild(BlockJUnit4ClassRunner.java:50)\n    at org.junit.runners.ParentRunner$3.run(ParentRunner.java:238)\n    at org.junit.runners.ParentRunner$1.schedule(ParentRunner.java:63)\n    at org.junit.runners.ParentRunner.runChildren(ParentRunner.java:236)\n    at org.junit.runners.ParentRunner.access$000(ParentRunner.java:53)\n    at org.junit.runners.ParentRunner$2.evaluate(ParentRunner.java:229)\n    at org.junit.runners.ParentRunner.run(ParentRunner.java:309)\n    at org.junit.runner.JUnitCore.run(JUnitCore.java:160)\n    at org.junit.runner.JUnitCore.run(JUnitCore.java:138)\n    at utils.sacha.runner.main.TestRunner.run(TestRunner.java:70)\n\n\n","type":"test","success":false},"startDate":1502962614668,"locations":[{"sourceEnd":5923,"executionCount":0,"line":110,"class":"org.apache.commons.math3.geometry.euclidean.twod.SubLine","sourceStart":4218}],"test":{"name":"testIntersectionParallel","class":"org.apache.commons.math3.geometry.euclidean.twod.SubLineTest"},"decisions":[{"nbUse":1,"location":{"sourceEnd":5923,"line":110,"class":"org.apache.commons.math3.geometry.euclidean.twod.SubLine","sourceStart":4218},"value":{"instanceType":"StaticVariable","class":"org.apache.commons.math3.geometry.euclidean.twod.Vector2D","fieldName":"NaN"},"epsilon":0,"strategy":"Strat4 VAR","used":true,"decisionType":"NEW"}],"endDate":1502962614716,"metadata":{"seed":10,"strategy_selection":"exploration"}},{"result":{"error":"testIntersectionNotIntersecting(org.apache.commons.math3.geometry.euclidean.threed.SubLineTest): expected null, but was:<{1; 0; 0}>\nclass java.lang.AssertionError: expected null, but was:<{1; 0; 0}>\n    at org.junit.Assert.fail(Assert.java:88)\n    at org.junit.Assert.failNotNull(Assert.java:664)\n    at org.junit.Assert.assertNull(Assert.java:646)\n    at org.junit.Assert.assertNull(Assert.java:656)\n    at org.apache.commons.math3.geometry.euclidean.threed.SubLineTest.testIntersectionNotIntersecting(SubLineTest.java:160)\n    at sun.reflect.NativeMethodAccessorImpl.invoke0(NativeMethodAccessorImpl.java:-2)\n    at sun.reflect.NativeMethodAccessorImpl.invoke(NativeMethodAccessorImpl.java:57)\n    at sun.reflect.DelegatingMethodAccessorImpl.invoke(DelegatingMethodAccessorImpl.java:43)\n    at java.lang.reflect.Method.invoke(Method.java:606)\n    at org.junit.runners.model.FrameworkMethod$1.runReflectiveCall(FrameworkMethod.java:47)\n    at org.junit.internal.runners.model.ReflectiveCallable.run(ReflectiveCallable.java:12)\n    at org.junit.runners.model.FrameworkMethod.invokeExplosively(FrameworkMethod.java:44)\n    at org.junit.internal.runners.statements.InvokeMethod.evaluate(InvokeMethod.java:17)\n    at org.junit.runners.ParentRunner.runLeaf(ParentRunner.java:271)\n    at org.junit.runners.BlockJUnit4ClassRunner.runChild(BlockJUnit4ClassRunner.java:70)\n    at org.junit.runners.BlockJUnit4ClassRunner.runChild(BlockJUnit4ClassRunner.java:50)\n    at org.junit.runners.ParentRunner$3.run(ParentRunner.java:238)\n    at org.junit.runners.ParentRunner$1.schedule(ParentRunner.java:63)\n    at org.junit.runners.ParentRunner.runChildren(ParentRunner.java:236)\n    at org.junit.runners.ParentRunner.access$000(ParentRunner.java:53)\n    at org.junit.runners.ParentRunner$2.evaluate(ParentRunner.java:229)\n    at org.junit.runners.ParentRunner.run(ParentRunner.java:309)\n    at org.junit.runner.JUnitCore.run(JUnitCore.java:160)\n    at org.junit.runner.JUnitCore.run(JUnitCore.java:138)\n    at utils.sacha.runner.main.TestRunner.run(TestRunner.java:70)\n\n\n","type":"test","success":false},"startDate":1502962615151,"locations":[{"sourceEnd":5497,"executionCount":0,"line":110,"class":"org.apache.commons.math3.geometry.euclidean.threed.SubLine","sourceStart":3930}],"test":{"name":"testIntersectionNotIntersecting","class":"org.apache.commons.math3.geometry.euclidean.threed.SubLineTest"},"decisions":[{"nbUse":1,"location":{"sourceEnd":5497,"line":110,"class":"org.apache.commons.math3.geometry.euclidean.threed.SubLine","sourceStart":3930},"value":{"instanceType":"StaticVariable","class":"org.apache.commons.math3.geometry.euclidean.threed.Vector3D","fieldName":"PLUS_I"},"epsilon":0,"strategy":"Strat4 VAR","used":true,"decisionType":"NEW"}],"endDate":1502962615188,"metadata":{"seed":10,"strategy_selection":"exploration"}},{"result":{"error":"testIntersectionNotIntersecting(org.apache.commons.math3.geometry.euclidean.threed.SubLineTest): expected null, but was:<{0; 1; 0}>\nclass java.lang.AssertionError: expected null, but was:<{0; 1; 0}>\n    at org.junit.Assert.fail(Assert.java:88)\n    at org.junit.Assert.failNotNull(Assert.java:664)\n    at org.junit.Assert.assertNull(Assert.java:646)\n    at org.junit.Assert.assertNull(Assert.java:656)\n    at org.apache.commons.math3.geometry.euclidean.threed.SubLineTest.testIntersectionNotIntersecting(SubLineTest.java:160)\n    at sun.reflect.NativeMethodAccessorImpl.invoke0(NativeMethodAccessorImpl.java:-2)\n    at sun.reflect.NativeMethodAccessorImpl.invoke(NativeMethodAccessorImpl.java:57)\n    at sun.reflect.DelegatingMethodAccessorImpl.invoke(DelegatingMethodAccessorImpl.java:43)\n    at java.lang.reflect.Method.invoke(Method.java:606)\n    at org.junit.runners.model.FrameworkMethod$1.runReflectiveCall(FrameworkMethod.java:47)\n    at org.junit.internal.runners.model.ReflectiveCallable.run(ReflectiveCallable.java:12)\n    at org.junit.runners.model.FrameworkMethod.invokeExplosively(FrameworkMethod.java:44)\n    at org.junit.internal.runners.statements.InvokeMethod.evaluate(InvokeMethod.java:17)\n    at org.junit.runners.ParentRunner.runLeaf(ParentRunner.java:271)\n    at org.junit.runners.BlockJUnit4ClassRunner.runChild(BlockJUnit4ClassRunner.java:70)\n    at org.junit.runners.BlockJUnit4ClassRunner.runChild(BlockJUnit4ClassRunner.java:50)\n    at org.junit.runners.ParentRunner$3.run(ParentRunner.java:238)\n    at org.junit.runners.ParentRunner$1.schedule(ParentRunner.java:63)\n    at org.junit.runners.ParentRunner.runChildren(ParentRunner.java:236)\n    at org.junit.runners.ParentRunner.access$000(ParentRunner.java:53)\n    at org.junit.runners.ParentRunner$2.evaluate(ParentRunner.java:229)\n    at org.junit.runners.ParentRunner.run(ParentRunner.java:309)\n    at org.junit.runner.JUnitCore.run(JUnitCore.java:160)\n    at org.junit.runner.JUnitCore.run(JUnitCore.java:138)\n    at utils.sacha.runner.main.TestRunner.run(TestRunner.java:70)\n\n\n","type":"test","success":false},"startDate":1502962615060,"locations":[{"sourceEnd":5497,"executionCount":0,"line":110,"class":"org.apache.commons.math3.geometry.euclidean.threed.SubLine","sourceStart":3930}],"test":{"name":"testIntersectionNotIntersecting","class":"org.apache.commons.math3.geometry.euclidean.threed.SubLineTest"},"decisions":[{"nbUse":1,"location":{"sourceEnd":5497,"line":110,"class":"org.apache.commons.math3.geometry.euclidean.threed.SubLine","sourceStart":3930},"value":{"instanceType":"StaticVariable","class":"org.apache.commons.math3.geometry.euclidean.threed.Vector3D","fieldName":"PLUS_J"},"epsilon":0,"strategy":"Strat4 VAR","used":true,"decisionType":"NEW"}],"endDate":1502962615110,"metadata":{"seed":10,"strategy_selection":"exploration"}},{"result":{"error":"testIntersectionNotIntersecting(org.apache.commons.math3.geometry.euclidean.threed.SubLineTest): expected null, but was:<{0; 0; 1}>\nclass java.lang.AssertionError: expected null, but was:<{0; 0; 1}>\n    at org.junit.Assert.fail(Assert.java:88)\n    at org.junit.Assert.failNotNull(Assert.java:664)\n    at org.junit.Assert.assertNull(Assert.java:646)\n    at org.junit.Assert.assertNull(Assert.java:656)\n    at org.apache.commons.math3.geometry.euclidean.threed.SubLineTest.testIntersectionNotIntersecting(SubLineTest.java:160)\n    at sun.reflect.NativeMethodAccessorImpl.invoke0(NativeMethodAccessorImpl.java:-2)\n    at sun.reflect.NativeMethodAccessorImpl.invoke(NativeMethodAccessorImpl.java:57)\n    at sun.reflect.DelegatingMethodAccessorImpl.invoke(DelegatingMethodAccessorImpl.java:43)\n    at java.lang.reflect.Method.invoke(Method.java:606)\n    at org.junit.runners.model.FrameworkMethod$1.runReflectiveCall(FrameworkMethod.java:47)\n    at org.junit.internal.runners.model.ReflectiveCallable.run(ReflectiveCallable.java:12)\n    at org.junit.runners.model.FrameworkMethod.invokeExplosively(FrameworkMethod.java:44)\n    at org.junit.internal.runners.statements.InvokeMethod.evaluate(InvokeMethod.java:17)\n    at org.junit.runners.ParentRunner.runLeaf(ParentRunner.java:271)\n    at org.junit.runners.BlockJUnit4ClassRunner.runChild(BlockJUnit4ClassRunner.java:70)\n    at org.junit.runners.BlockJUnit4ClassRunner.runChild(BlockJUnit4ClassRunner.java:50)\n    at org.junit.runners.ParentRunner$3.run(ParentRunner.java:238)\n    at org.junit.runners.ParentRunner$1.schedule(ParentRunner.java:63)\n    at org.junit.runners.ParentRunner.runChildren(ParentRunner.java:236)\n    at org.junit.runners.ParentRunner.access$000(ParentRunner.java:53)\n    at org.junit.runners.ParentRunner$2.evaluate(ParentRunner.java:229)\n    at org.junit.runners.ParentRunner.run(ParentRunner.java:309)\n    at org.junit.runner.JUnitCore.run(JUnitCore.java:160)\n    at org.junit.runner.JUnitCore.run(JUnitCore.java:138)\n    at utils.sacha.runner.main.TestRunner.run(TestRunner.java:70)\n\n\n","type":"test","success":false},"startDate":1502962615110,"locations":[{"sourceEnd":5497,"executionCount":0,"line":110,"class":"org.apache.commons.math3.geometry.euclidean.threed.SubLine","sourceStart":3930}],"test":{"name":"testIntersectionNotIntersecting","class":"org.apache.commons.math3.geometry.euclidean.threed.SubLineTest"},"decisions":[{"nbUse":1,"location":{"sourceEnd":5497,"line":110,"class":"org.apache.commons.math3.geometry.euclidean.threed.SubLine","sourceStart":3930},"value":{"instanceType":"StaticVariable","class":"org.apache.commons.math3.geometry.euclidean.threed.Vector3D","fieldName":"PLUS_K"},"epsilon":0,"strategy":"Strat4 VAR","used":true,"decisionType":"NEW"}],"endDate":1502962615151,"metadata":{"seed":10,"strategy_selection":"exploration"}},{"result":{"error":"testIntersectionParallel(org.apache.commons.math3.geometry.euclidean.twod.SubLineTest): expected null, but was:<{(Infinity); (Infinity)}>\nclass java.lang.AssertionError: expected null, but was:<{(Infinity); (Infinity)}>\n    at org.junit.Assert.fail(Assert.java:88)\n    at org.junit.Assert.failNotNull(Assert.java:664)\n    at org.junit.Assert.assertNull(Assert.java:646)\n    at org.junit.Assert.assertNull(Assert.java:656)\n    at org.apache.commons.math3.geometry.euclidean.twod.SubLineTest.testIntersectionParallel(SubLineTest.java:151)\n    at sun.reflect.NativeMethodAccessorImpl.invoke0(NativeMethodAccessorImpl.java:-2)\n    at sun.reflect.NativeMethodAccessorImpl.invoke(NativeMethodAccessorImpl.java:57)\n    at sun.reflect.DelegatingMethodAccessorImpl.invoke(DelegatingMethodAccessorImpl.java:43)\n    at java.lang.reflect.Method.invoke(Method.java:606)\n    at org.junit.runners.model.FrameworkMethod$1.runReflectiveCall(FrameworkMethod.java:47)\n    at org.junit.internal.runners.model.ReflectiveCallable.run(ReflectiveCallable.java:12)\n    at org.junit.runners.model.FrameworkMethod.invokeExplosively(FrameworkMethod.java:44)\n    at org.junit.internal.runners.statements.InvokeMethod.evaluate(InvokeMethod.java:17)\n    at org.junit.runners.ParentRunner.runLeaf(ParentRunner.java:271)\n    at org.junit.runners.BlockJUnit4ClassRunner.runChild(BlockJUnit4ClassRunner.java:70)\n    at org.junit.runners.BlockJUnit4ClassRunner.runChild(BlockJUnit4ClassRunner.java:50)\n    at org.junit.runners.ParentRunner$3.run(ParentRunner.java:238)\n    at org.junit.runners.ParentRunner$1.schedule(ParentRunner.java:63)\n    at org.junit.runners.ParentRunner.runChildren(ParentRunner.java:236)\n    at org.junit.runners.ParentRunner.access$000(ParentRunner.java:53)\n    at org.junit.runners.ParentRunner$2.evaluate(ParentRunner.java:229)\n    at org.junit.runners.ParentRunner.run(ParentRunner.java:309)\n    at org.junit.runner.JUnitCore.run(JUnitCore.java:160)\n    at org.junit.runner.JUnitCore.run(JUnitCore.java:138)\n    at utils.sacha.runner.main.TestRunner.run(TestRunner.java:70)\n\n\n","type":"test","success":false},"startDate":1502962614947,"locations":[{"sourceEnd":5923,"executionCount":0,"line":110,"class":"org.apache.commons.math3.geometry.euclidean.twod.SubLine","sourceStart":4218}],"test":{"name":"testIntersectionParallel","class":"org.apache.commons.math3.geometry.euclidean.twod.SubLineTest"},"decisions":[{"nbUse":1,"location":{"sourceEnd":5923,"line":110,"class":"org.apache.commons.math3.geometry.euclidean.twod.SubLine","sourceStart":4218},"value":{"instanceType":"StaticVariable","class":"org.apache.commons.math3.geometry.euclidean.twod.Vector2D","fieldName":"POSITIVE_INFINITY"},"epsilon":0,"strategy":"Strat4 VAR","used":true,"decisionType":"NEW"}],"endDate":1502962615038,"metadata":{"seed":10,"strategy_selection":"exploration"}},{"result":{"error":"testIntersectionParallel(org.apache.commons.math3.geometry.euclidean.twod.SubLineTest): expected null, but was:<{0; 0}>\nclass java.lang.AssertionError: expected null, but was:<{0; 0}>\n    at org.junit.Assert.fail(Assert.java:88)\n    at org.junit.Assert.failNotNull(Assert.java:664)\n    at org.junit.Assert.assertNull(Assert.java:646)\n    at org.junit.Assert.assertNull(Assert.java:656)\n    at org.apache.commons.math3.geometry.euclidean.twod.SubLineTest.testIntersectionParallel(SubLineTest.java:151)\n    at sun.reflect.NativeMethodAccessorImpl.invoke0(NativeMethodAccessorImpl.java:-2)\n    at sun.reflect.NativeMethodAccessorImpl.invoke(NativeMethodAccessorImpl.java:57)\n    at sun.reflect.DelegatingMethodAccessorImpl.invoke(DelegatingMethodAccessorImpl.java:43)\n    at java.lang.reflect.Method.invoke(Method.java:606)\n    at org.junit.runners.model.FrameworkMethod$1.runReflectiveCall(FrameworkMethod.java:47)\n    at org.junit.internal.runners.model.ReflectiveCallable.run(ReflectiveCallable.java:12)\n    at org.junit.runners.model.FrameworkMethod.invokeExplosively(FrameworkMethod.java:44)\n    at org.junit.internal.runners.statements.InvokeMethod.evaluate(InvokeMethod.java:17)\n    at org.junit.runners.ParentRunner.runLeaf(ParentRunner.java:271)\n    at org.junit.runners.BlockJUnit4ClassRunner.runChild(BlockJUnit4ClassRunner.java:70)\n    at org.junit.runners.BlockJUnit4ClassRunner.runChild(BlockJUnit4ClassRunner.java:50)\n    at org.junit.runners.ParentRunner$3.run(ParentRunner.java:238)\n    at org.junit.runners.ParentRunner$1.schedule(ParentRunner.java:63)\n    at org.junit.runners.ParentRunner.runChildren(ParentRunner.java:236)\n    at org.junit.runners.ParentRunner.access$000(ParentRunner.java:53)\n    at org.junit.runners.ParentRunner$2.evaluate(ParentRunner.java:229)\n    at org.junit.runners.ParentRunner.run(ParentRunner.java:309)\n    at org.junit.runner.JUnitCore.run(JUnitCore.java:160)\n    at org.junit.runner.JUnitCore.run(JUnitCore.java:138)\n    at utils.sacha.runner.main.TestRunner.run(TestRunner.java:70)\n\n\n","type":"test","success":false},"startDate":1502962615038,"locations":[{"sourceEnd":5923,"executionCount":0,"line":110,"class":"org.apache.commons.math3.geometry.euclidean.twod.SubLine","sourceStart":4218}],"test":{"name":"testIntersectionParallel","class":"org.apache.commons.math3.geometry.euclidean.twod.SubLineTest"},"decisions":[{"nbUse":1,"location":{"sourceEnd":5923,"line":110,"class":"org.apache.commons.math3.geometry.euclidean.twod.SubLine","sourceStart":4218},"value":{"instanceType":"StaticVariable","class":"org.apache.commons.math3.geometry.euclidean.twod.Vector2D","fieldName":"ZERO"},"epsilon":0,"strategy":"Strat4 VAR","used":true,"decisionType":"NEW"}],"endDate":1502962615060,"metadata":{"seed":10,"strategy_selection":"exploration"}},{"result":{"error":"testIntersectionNotIntersecting(org.apache.commons.math3.geometry.euclidean.threed.SubLineTest): expected null, but was:<{-1; 0; 0}>\nclass java.lang.AssertionError: expected null, but was:<{-1; 0; 0}>\n    at org.junit.Assert.fail(Assert.java:88)\n    at org.junit.Assert.failNotNull(Assert.java:664)\n    at org.junit.Assert.assertNull(Assert.java:646)\n    at org.junit.Assert.assertNull(Assert.java:656)\n    at org.apache.commons.math3.geometry.euclidean.threed.SubLineTest.testIntersectionNotIntersecting(SubLineTest.java:160)\n    at sun.reflect.NativeMethodAccessorImpl.invoke0(NativeMethodAccessorImpl.java:-2)\n    at sun.reflect.NativeMethodAccessorImpl.invoke(NativeMethodAccessorImpl.java:57)\n    at sun.reflect.DelegatingMethodAccessorImpl.invoke(DelegatingMethodAccessorImpl.java:43)\n    at java.lang.reflect.Method.invoke(Method.java:606)\n    at org.junit.runners.model.FrameworkMethod$1.runReflectiveCall(FrameworkMethod.java:47)\n    at org.junit.internal.runners.model.ReflectiveCallable.run(ReflectiveCallable.java:12)\n    at org.junit.runners.model.FrameworkMethod.invokeExplosively(FrameworkMethod.java:44)\n    at org.junit.internal.runners.statements.InvokeMethod.evaluate(InvokeMethod.java:17)\n    at org.junit.runners.ParentRunner.runLeaf(ParentRunner.java:271)\n    at org.junit.runners.BlockJUnit4ClassRunner.runChild(BlockJUnit4ClassRunner.java:70)\n    at org.junit.runners.BlockJUnit4ClassRunner.runChild(BlockJUnit4ClassRunner.java:50)\n    at org.junit.runners.ParentRunner$3.run(ParentRunner.java:238)\n    at org.junit.runners.ParentRunner$1.schedule(ParentRunner.java:63)\n    at org.junit.runners.ParentRunner.runChildren(ParentRunner.java:236)\n    at org.junit.runners.ParentRunner.access$000(ParentRunner.java:53)\n    at org.junit.runners.ParentRunner$2.evaluate(ParentRunner.java:229)\n    at org.junit.runners.ParentRunner.run(ParentRunner.java:309)\n    at org.junit.runner.JUnitCore.run(JUnitCore.java:160)\n    at org.junit.runner.JUnitCore.run(JUnitCore.java:138)\n    at utils.sacha.runner.main.TestRunner.run(TestRunner.java:70)\n\n\n","type":"test","success":false},"startDate":1502962615393,"locations":[{"sourceEnd":5497,"executionCount":0,"line":110,"class":"org.apache.commons.math3.geometry.euclidean.threed.SubLine","sourceStart":3930}],"test":{"name":"testIntersectionNotIntersecting","class":"org.apache.commons.math3.geometry.euclidean.threed.SubLineTest"},"decisions":[{"nbUse":1,"location":{"sourceEnd":5497,"line":110,"class":"org.apache.commons.math3.geometry.euclidean.threed.SubLine","sourceStart":3930},"value":{"instanceType":"StaticVariable","class":"org.apache.commons.math3.geometry.euclidean.threed.Vector3D","fieldName":"MINUS_I"},"epsilon":0,"strategy":"Strat4 VAR","used":true,"decisionType":"NEW"}],"endDate":1502962615428,"metadata":{"seed":10,"strategy_selection":"exploration"}},{"result":{"error":"testIntersectionNotIntersecting(org.apache.commons.math3.geometry.euclidean.threed.SubLineTest): expected null, but was:<{(-Infinity); (-Infinity); (-Infinity)}>\nclass java.lang.AssertionError: expected null, but was:<{(-Infinity); (-Infinity); (-Infinity)}>\n    at org.junit.Assert.fail(Assert.java:88)\n    at org.junit.Assert.failNotNull(Assert.java:664)\n    at org.junit.Assert.assertNull(Assert.java:646)\n    at org.junit.Assert.assertNull(Assert.java:656)\n    at org.apache.commons.math3.geometry.euclidean.threed.SubLineTest.testIntersectionNotIntersecting(SubLineTest.java:160)\n    at sun.reflect.NativeMethodAccessorImpl.invoke0(NativeMethodAccessorImpl.java:-2)\n    at sun.reflect.NativeMethodAccessorImpl.invoke(NativeMethodAccessorImpl.java:57)\n    at sun.reflect.DelegatingMethodAccessorImpl.invoke(DelegatingMethodAccessorImpl.java:43)\n    at java.lang.reflect.Method.invoke(Method.java:606)\n    at org.junit.runners.model.FrameworkMethod$1.runReflectiveCall(FrameworkMethod.java:47)\n    at org.junit.internal.runners.model.ReflectiveCallable.run(ReflectiveCallable.java:12)\n    at org.junit.runners.model.FrameworkMethod.invokeExplosively(FrameworkMethod.java:44)\n    at org.junit.internal.runners.statements.InvokeMethod.evaluate(InvokeMethod.java:17)\n    at org.junit.runners.ParentRunner.runLeaf(ParentRunner.java:271)\n    at org.junit.runners.BlockJUnit4ClassRunner.runChild(BlockJUnit4ClassRunner.java:70)\n    at org.junit.runners.BlockJUnit4ClassRunner.runChild(BlockJUnit4ClassRunner.java:50)\n    at org.junit.runners.ParentRunner$3.run(ParentRunner.java:238)\n    at org.junit.runners.ParentRunner$1.schedule(ParentRunner.java:63)\n    at org.junit.runners.ParentRunner.runChildren(ParentRunner.java:236)\n    at org.junit.runners.ParentRunner.access$000(ParentRunner.java:53)\n    at org.junit.runners.ParentRunner$2.evaluate(ParentRunner.java:229)\n    at org.junit.runners.ParentRunner.run(ParentRunner.java:309)\n    at org.junit.runner.JUnitCore.run(JUnitCore.java:160)\n    at org.junit.runner.JUnitCore.run(JUnitCore.java:138)\n    at utils.sacha.runner.main.TestRunner.run(TestRunner.java:70)\n\n\n","type":"test","success":false},"startDate":1502962615354,"locations":[{"sourceEnd":5497,"executionCount":0,"line":110,"class":"org.apache.commons.math3.geometry.euclidean.threed.SubLine","sourceStart":3930}],"test":{"name":"testIntersectionNotIntersecting","class":"org.apache.commons.math3.geometry.euclidean.threed.SubLineTest"},"decisions":[{"nbUse":1,"location":{"sourceEnd":5497,"line":110,"class":"org.apache.commons.math3.geometry.euclidean.threed.SubLine","sourceStart":3930},"value":{"instanceType":"StaticVariable","class":"org.apache.commons.math3.geometry.euclidean.threed.Vector3D","fieldName":"NEGATIVE_INFINITY"},"epsilon":0,"strategy":"Strat4 VAR","used":true,"decisionType":"NEW"}],"endDate":1502962615392,"metadata":{"seed":10,"strategy_selection":"exploration"}},{"result":{"error":"testIntersectionNotIntersecting(org.apache.commons.math3.geometry.euclidean.threed.SubLineTest): expected null, but was:<{(Infinity); (Infinity); (Infinity)}>\nclass java.lang.AssertionError: expected null, but was:<{(Infinity); (Infinity); (Infinity)}>\n    at org.junit.Assert.fail(Assert.java:88)\n    at org.junit.Assert.failNotNull(Assert.java:664)\n    at org.junit.Assert.assertNull(Assert.java:646)\n    at org.junit.Assert.assertNull(Assert.java:656)\n    at org.apache.commons.math3.geometry.euclidean.threed.SubLineTest.testIntersectionNotIntersecting(SubLineTest.java:160)\n    at sun.reflect.NativeMethodAccessorImpl.invoke0(NativeMethodAccessorImpl.java:-2)\n    at sun.reflect.NativeMethodAccessorImpl.invoke(NativeMethodAccessorImpl.java:57)\n    at sun.reflect.DelegatingMethodAccessorImpl.invoke(DelegatingMethodAccessorImpl.java:43)\n    at java.lang.reflect.Method.invoke(Method.java:606)\n    at org.junit.runners.model.FrameworkMethod$1.runReflectiveCall(FrameworkMethod.java:47)\n    at org.junit.internal.runners.model.ReflectiveCallable.run(ReflectiveCallable.java:12)\n    at org.junit.runners.model.FrameworkMethod.invokeExplosively(FrameworkMethod.java:44)\n    at org.junit.internal.runners.statements.InvokeMethod.evaluate(InvokeMethod.java:17)\n    at org.junit.runners.ParentRunner.runLeaf(ParentRunner.java:271)\n    at org.junit.runners.BlockJUnit4ClassRunner.runChild(BlockJUnit4ClassRunner.java:70)\n    at org.junit.runners.BlockJUnit4ClassRunner.runChild(BlockJUnit4ClassRunner.java:50)\n    at org.junit.runners.ParentRunner$3.run(ParentRunner.java:238)\n    at org.junit.runners.ParentRunner$1.schedule(ParentRunner.java:63)\n    at org.junit.runners.ParentRunner.runChildren(ParentRunner.java:236)\n    at org.junit.runners.ParentRunner.access$000(ParentRunner.java:53)\n    at org.junit.runners.ParentRunner$2.evaluate(ParentRunner.java:229)\n    at org.junit.runners.ParentRunner.run(ParentRunner.java:309)\n    at org.junit.runner.JUnitCore.run(JUnitCore.java:160)\n    at org.junit.runner.JUnitCore.run(JUnitCore.java:138)\n    at utils.sacha.runner.main.TestRunner.run(TestRunner.java:70)\n\n\n","type":"test","success":false},"startDate":1502962615301,"locations":[{"sourceEnd":5497,"executionCount":0,"line":110,"class":"org.apache.commons.math3.geometry.euclidean.threed.SubLine","sourceStart":3930}],"test":{"name":"testIntersectionNotIntersecting","class":"org.apache.commons.math3.geometry.euclidean.threed.SubLineTest"},"decisions":[{"nbUse":1,"location":{"sourceEnd":5497,"line":110,"class":"org.apache.commons.math3.geometry.euclidean.threed.SubLine","sourceStart":3930},"value":{"instanceType":"StaticVariable","class":"org.apache.commons.math3.geometry.euclidean.threed.Vector3D","fieldName":"POSITIVE_INFINITY"},"epsilon":0,"strategy":"Strat4 VAR","used":true,"decisionType":"NEW"}],"endDate":1502962615354,"metadata":{"seed":10,"strategy_selection":"exploration"}},{"result":{"error":"testIntersectionParallel(org.apache.commons.math3.geometry.euclidean.twod.SubLineTest): expected null, but was:<{0; 0}>\nclass java.lang.AssertionError: expected null, but was:<{0; 0}>\n    at org.junit.Assert.fail(Assert.java:88)\n    at org.junit.Assert.failNotNull(Assert.java:664)\n    at org.junit.Assert.assertNull(Assert.java:646)\n    at org.junit.Assert.assertNull(Assert.java:656)\n    at org.apache.commons.math3.geometry.euclidean.twod.SubLineTest.testIntersectionParallel(SubLineTest.java:151)\n    at sun.reflect.NativeMethodAccessorImpl.invoke0(NativeMethodAccessorImpl.java:-2)\n    at sun.reflect.NativeMethodAccessorImpl.invoke(NativeMethodAccessorImpl.java:57)\n    at sun.reflect.DelegatingMethodAccessorImpl.invoke(DelegatingMethodAccessorImpl.java:43)\n    at java.lang.reflect.Method.invoke(Method.java:606)\n    at org.junit.runners.model.FrameworkMethod$1.runReflectiveCall(FrameworkMethod.java:47)\n    at org.junit.internal.runners.model.ReflectiveCallable.run(ReflectiveCallable.java:12)\n    at org.junit.runners.model.FrameworkMethod.invokeExplosively(FrameworkMethod.java:44)\n    at org.junit.internal.runners.statements.InvokeMethod.evaluate(InvokeMethod.java:17)\n    at org.junit.runners.ParentRunner.runLeaf(ParentRunner.java:271)\n    at org.junit.runners.BlockJUnit4ClassRunner.runChild(BlockJUnit4ClassRunner.java:70)\n    at org.junit.runners.BlockJUnit4ClassRunner.runChild(BlockJUnit4ClassRunner.java:50)\n    at org.junit.runners.ParentRunner$3.run(ParentRunner.java:238)\n    at org.junit.runners.ParentRunner$1.schedule(ParentRunner.java:63)\n    at org.junit.runners.ParentRunner.runChildren(ParentRunner.java:236)\n    at org.junit.runners.ParentRunner.access$000(ParentRunner.java:53)\n    at org.junit.runners.ParentRunner$2.evaluate(ParentRunner.java:229)\n    at org.junit.runners.ParentRunner.run(ParentRunner.java:309)\n    at org.junit.runner.JUnitCore.run(JUnitCore.java:160)\n    at org.junit.runner.JUnitCore.run(JUnitCore.java:138)\n    at utils.sacha.runner.main.TestRunner.run(TestRunner.java:70)\n\n\n","type":"test","success":false},"startDate":1502962615279,"locations":[{"sourceEnd":5923,"executionCount":0,"line":110,"class":"org.apache.commons.math3.geometry.euclidean.twod.SubLine","sourceStart":4218}],"test":{"name":"testIntersectionParallel","class":"org.apache.commons.math3.geometry.euclidean.twod.SubLineTest"},"decisions":[{"nbUse":1,"location":{"sourceEnd":5923,"line":110,"class":"org.apache.commons.math3.geometry.euclidean.twod.SubLine","sourceStart":4218},"value":{"instanceType":"New","class":"org.apache.commons.math3.geometry.euclidean.twod.Vector2D","parameters":[{"instanceType":"Primitive","value":0,"class":"class java.lang.Double"},{"instanceType":"Primitive","value":0,"class":"class java.lang.Double"}],"parameterTypes":["double","double"]},"epsilon":0,"strategy":"Strat4 NEW","used":true,"decisionType":"NEW"}],"endDate":1502962615300,"metadata":{"seed":10,"strategy_selection":"exploration"}},{"result":{"error":"testIntersectionParallel(org.apache.commons.math3.geometry.euclidean.twod.SubLineTest): expected null, but was:<{(-Infinity); (-Infinity)}>\nclass java.lang.AssertionError: expected null, but was:<{(-Infinity); (-Infinity)}>\n    at org.junit.Assert.fail(Assert.java:88)\n    at org.junit.Assert.failNotNull(Assert.java:664)\n    at org.junit.Assert.assertNull(Assert.java:646)\n    at org.junit.Assert.assertNull(Assert.java:656)\n    at org.apache.commons.math3.geometry.euclidean.twod.SubLineTest.testIntersectionParallel(SubLineTest.java:151)\n    at sun.reflect.NativeMethodAccessorImpl.invoke0(NativeMethodAccessorImpl.java:-2)\n    at sun.reflect.NativeMethodAccessorImpl.invoke(NativeMethodAccessorImpl.java:57)\n    at sun.reflect.DelegatingMethodAccessorImpl.invoke(DelegatingMethodAccessorImpl.java:43)\n    at java.lang.reflect.Method.invoke(Method.java:606)\n    at org.junit.runners.model.FrameworkMethod$1.runReflectiveCall(FrameworkMethod.java:47)\n    at org.junit.internal.runners.model.ReflectiveCallable.run(ReflectiveCallable.java:12)\n    at org.junit.runners.model.FrameworkMethod.invokeExplosively(FrameworkMethod.java:44)\n    at org.junit.internal.runners.statements.InvokeMethod.evaluate(InvokeMethod.java:17)\n    at org.junit.runners.ParentRunner.runLeaf(ParentRunner.java:271)\n    at org.junit.runners.BlockJUnit4ClassRunner.runChild(BlockJUnit4ClassRunner.java:70)\n    at org.junit.runners.BlockJUnit4ClassRunner.runChild(BlockJUnit4ClassRunner.java:50)\n    at org.junit.runners.ParentRunner$3.run(ParentRunner.java:238)\n    at org.junit.runners.ParentRunner$1.schedule(ParentRunner.java:63)\n    at org.junit.runners.ParentRunner.runChildren(ParentRunner.java:236)\n    at org.junit.runners.ParentRunner.access$000(ParentRunner.java:53)\n    at org.junit.runners.ParentRunner$2.evaluate(ParentRunner.java:229)\n    at org.junit.runners.ParentRunner.run(ParentRunner.java:309)\n    at org.junit.runner.JUnitCore.run(JUnitCore.java:160)\n    at org.junit.runner.JUnitCore.run(JUnitCore.java:138)\n    at utils.sacha.runner.main.TestRunner.run(TestRunner.java:70)\n\n\n","type":"test","success":false},"startDate":1502962615189,"locations":[{"sourceEnd":5923,"executionCount":0,"line":110,"class":"org.apache.commons.math3.geometry.euclidean.twod.SubLine","sourceStart":4218}],"test":{"name":"testIntersectionParallel","class":"org.apache.commons.math3.geometry.euclidean.twod.SubLineTest"},"decisions":[{"nbUse":1,"location":{"sourceEnd":5923,"line":110,"class":"org.apache.commons.math3.geometry.euclidean.twod.SubLine","sourceStart":4218},"value":{"instanceType":"StaticVariable","class":"org.apache.commons.math3.geometry.euclidean.twod.Vector2D","fieldName":"NEGATIVE_INFINITY"},"epsilon":0,"strategy":"Strat4 VAR","used":true,"decisionType":"NEW"}],"endDate":1502962615279,"metadata":{"seed":10,"strategy_selection":"exploration"}},{"result":{"error":"testIntersectionNotIntersecting(org.apache.commons.math3.geometry.euclidean.threed.SubLineTest): expected null, but was:<{0; 0; 0}>\nclass java.lang.AssertionError: expected null, but was:<{0; 0; 0}>\n    at org.junit.Assert.fail(Assert.java:88)\n    at org.junit.Assert.failNotNull(Assert.java:664)\n    at org.junit.Assert.assertNull(Assert.java:646)\n    at org.junit.Assert.assertNull(Assert.java:656)\n    at org.apache.commons.math3.geometry.euclidean.threed.SubLineTest.testIntersectionNotIntersecting(SubLineTest.java:160)\n    at sun.reflect.NativeMethodAccessorImpl.invoke0(NativeMethodAccessorImpl.java:-2)\n    at sun.reflect.NativeMethodAccessorImpl.invoke(NativeMethodAccessorImpl.java:57)\n    at sun.reflect.DelegatingMethodAccessorImpl.invoke(DelegatingMethodAccessorImpl.java:43)\n    at java.lang.reflect.Method.invoke(Method.java:606)\n    at org.junit.runners.model.FrameworkMethod$1.runReflectiveCall(FrameworkMethod.java:47)\n    at org.junit.internal.runners.model.ReflectiveCallable.run(ReflectiveCallable.java:12)\n    at org.junit.runners.model.FrameworkMethod.invokeExplosively(FrameworkMethod.java:44)\n    at org.junit.internal.runners.statements.InvokeMethod.evaluate(InvokeMethod.java:17)\n    at org.junit.runners.ParentRunner.runLeaf(ParentRunner.java:271)\n    at org.junit.runners.BlockJUnit4ClassRunner.runChild(BlockJUnit4ClassRunner.java:70)\n    at org.junit.runners.BlockJUnit4ClassRunner.runChild(BlockJUnit4ClassRunner.java:50)\n    at org.junit.runners.ParentRunner$3.run(ParentRunner.java:238)\n    at org.junit.runners.ParentRunner$1.schedule(ParentRunner.java:63)\n    at org.junit.runners.ParentRunner.runChildren(ParentRunner.java:236)\n    at org.junit.runners.ParentRunner.access$000(ParentRunner.java:53)\n    at org.junit.runners.ParentRunner$2.evaluate(ParentRunner.java:229)\n    at org.junit.runners.ParentRunner.run(ParentRunner.java:309)\n    at org.junit.runner.JUnitCore.run(JUnitCore.java:160)\n    at org.junit.runner.JUnitCore.run(JUnitCore.java:138)\n    at utils.sacha.runner.main.TestRunner.run(TestRunner.java:70)\n\n\n","type":"test","success":false},"startDate":1502962615625,"locations":[{"sourceEnd":5497,"executionCount":0,"line":110,"class":"org.apache.commons.math3.geometry.euclidean.threed.SubLine","sourceStart":3930}],"test":{"name":"testIntersectionNotIntersecting","class":"org.apache.commons.math3.geometry.euclidean.threed.SubLineTest"},"decisions":[{"nbUse":1,"location":{"sourceEnd":5497,"line":110,"class":"org.apache.commons.math3.geometry.euclidean.threed.SubLine","sourceStart":3930},"value":{"instanceType":"New","class":"org.apache.commons.math3.geometry.euclidean.threed.Vector3D","parameters":[{"instanceType":"Primitive","value":0,"class":"class java.lang.Double"},{"instanceType":"Primitive","value":0,"class":"class java.lang.Double"},{"instanceType":"Primitive","value":0,"class":"class java.lang.Double"}],"parameterTypes":["double","double","double"]},"epsilon":0,"strategy":"Strat4 NEW","used":true,"decisionType":"NEW"}],"endDate":1502962615662,"metadata":{"seed":10,"strategy_selection":"exploration"}},{"result":{"error":"testIntersectionNotIntersecting(org.apache.commons.math3.geometry.euclidean.threed.SubLineTest): expected null, but was:<{(NaN); (NaN); (NaN)}>\nclass java.lang.AssertionError: expected null, but was:<{(NaN); (NaN); (NaN)}>\n    at org.junit.Assert.fail(Assert.java:88)\n    at org.junit.Assert.failNotNull(Assert.java:664)\n    at org.junit.Assert.assertNull(Assert.java:646)\n    at org.junit.Assert.assertNull(Assert.java:656)\n    at org.apache.commons.math3.geometry.euclidean.threed.SubLineTest.testIntersectionNotIntersecting(SubLineTest.java:160)\n    at sun.reflect.NativeMethodAccessorImpl.invoke0(NativeMethodAccessorImpl.java:-2)\n    at sun.reflect.NativeMethodAccessorImpl.invoke(NativeMethodAccessorImpl.java:57)\n    at sun.reflect.DelegatingMethodAccessorImpl.invoke(DelegatingMethodAccessorImpl.java:43)\n    at java.lang.reflect.Method.invoke(Method.java:606)\n    at org.junit.runners.model.FrameworkMethod$1.runReflectiveCall(FrameworkMethod.java:47)\n    at org.junit.internal.runners.model.ReflectiveCallable.run(ReflectiveCallable.java:12)\n    at org.junit.runners.model.FrameworkMethod.invokeExplosively(FrameworkMethod.java:44)\n    at org.junit.internal.runners.statements.InvokeMethod.evaluate(InvokeMethod.java:17)\n    at org.junit.runners.ParentRunner.runLeaf(ParentRunner.java:271)\n    at org.junit.runners.BlockJUnit4ClassRunner.runChild(BlockJUnit4ClassRunner.java:70)\n    at org.junit.runners.BlockJUnit4ClassRunner.runChild(BlockJUnit4ClassRunner.java:50)\n    at org.junit.runners.ParentRunner$3.run(ParentRunner.java:238)\n    at org.junit.runners.ParentRunner$1.schedule(ParentRunner.java:63)\n    at org.junit.runners.ParentRunner.runChildren(ParentRunner.java:236)\n    at org.junit.runners.ParentRunner.access$000(ParentRunner.java:53)\n    at org.junit.runners.ParentRunner$2.evaluate(ParentRunner.java:229)\n    at org.junit.runners.ParentRunner.run(ParentRunner.java:309)\n    at org.junit.runner.JUnitCore.run(JUnitCore.java:160)\n    at org.junit.runner.JUnitCore.run(JUnitCore.java:138)\n    at utils.sacha.runner.main.TestRunner.run(TestRunner.java:70)\n\n\n","type":"test","success":false},"startDate":1502962615588,"locations":[{"sourceEnd":5497,"executionCount":0,"line":110,"class":"org.apache.commons.math3.geometry.euclidean.threed.SubLine","sourceStart":3930}],"test":{"name":"testIntersectionNotIntersecting","class":"org.apache.commons.math3.geometry.euclidean.threed.SubLineTest"},"decisions":[{"nbUse":1,"location":{"sourceEnd":5497,"line":110,"class":"org.apache.commons.math3.geometry.euclidean.threed.SubLine","sourceStart":3930},"value":{"instanceType":"StaticVariable","class":"org.apache.commons.math3.geometry.euclidean.threed.Vector3D","fieldName":"NaN"},"epsilon":0,"strategy":"Strat4 VAR","used":true,"decisionType":"NEW"}],"endDate":1502962615625,"metadata":{"seed":10,"strategy_selection":"exploration"}},{"result":{"error":"testIntersectionNotIntersecting(org.apache.commons.math3.geometry.euclidean.threed.SubLineTest): expected null, but was:<{0; 0; 0}>\nclass java.lang.AssertionError: expected null, but was:<{0; 0; 0}>\n    at org.junit.Assert.fail(Assert.java:88)\n    at org.junit.Assert.failNotNull(Assert.java:664)\n    at org.junit.Assert.assertNull(Assert.java:646)\n    at org.junit.Assert.assertNull(Assert.java:656)\n    at org.apache.commons.math3.geometry.euclidean.threed.SubLineTest.testIntersectionNotIntersecting(SubLineTest.java:160)\n    at sun.reflect.NativeMethodAccessorImpl.invoke0(NativeMethodAccessorImpl.java:-2)\n    at sun.reflect.NativeMethodAccessorImpl.invoke(NativeMethodAccessorImpl.java:57)\n    at sun.reflect.DelegatingMethodAccessorImpl.invoke(DelegatingMethodAccessorImpl.java:43)\n    at java.lang.reflect.Method.invoke(Method.java:606)\n    at org.junit.runners.model.FrameworkMethod$1.runReflectiveCall(FrameworkMethod.java:47)\n    at org.junit.internal.runners.model.ReflectiveCallable.run(ReflectiveCallable.java:12)\n    at org.junit.runners.model.FrameworkMethod.invokeExplosively(FrameworkMethod.java:44)\n    at org.junit.internal.runners.statements.InvokeMethod.evaluate(InvokeMethod.java:17)\n    at org.junit.runners.ParentRunner.runLeaf(ParentRunner.java:271)\n    at org.junit.runners.BlockJUnit4ClassRunner.runChild(BlockJUnit4ClassRunner.java:70)\n    at org.junit.runners.BlockJUnit4ClassRunner.runChild(BlockJUnit4ClassRunner.java:50)\n    at org.junit.runners.ParentRunner$3.run(ParentRunner.java:238)\n    at org.junit.runners.ParentRunner$1.schedule(ParentRunner.java:63)\n    at org.junit.runners.ParentRunner.runChildren(ParentRunner.java:236)\n    at org.junit.runners.ParentRunner.access$000(ParentRunner.java:53)\n    at org.junit.runners.ParentRunner$2.evaluate(ParentRunner.java:229)\n    at org.junit.runners.ParentRunner.run(ParentRunner.java:309)\n    at org.junit.runner.JUnitCore.run(JUnitCore.java:160)\n    at org.junit.runner.JUnitCore.run(JUnitCore.java:138)\n    at utils.sacha.runner.main.TestRunner.run(TestRunner.java:70)\n\n\n","type":"test","success":false},"startDate":1502962615532,"locations":[{"sourceEnd":5497,"executionCount":0,"line":110,"class":"org.apache.commons.math3.geometry.euclidean.threed.SubLine","sourceStart":3930}],"test":{"name":"testIntersectionNotIntersecting","class":"org.apache.commons.math3.geometry.euclidean.threed.SubLineTest"},"decisions":[{"nbUse":1,"location":{"sourceEnd":5497,"line":110,"class":"org.apache.commons.math3.geometry.euclidean.threed.SubLine","sourceStart":3930},"value":{"instanceType":"StaticVariable","class":"org.apache.commons.math3.geometry.euclidean.threed.Vector3D","fieldName":"ZERO"},"epsilon":0,"strategy":"Strat4 VAR","used":true,"decisionType":"NEW"}],"endDate":1502962615588,"metadata":{"seed":10,"strategy_selection":"exploration"}},{"result":{"error":"testIntersectionParallel(org.apache.commons.math3.geometry.euclidean.twod.SubLineTest): null\nclass fr.inria.spirals.npefix.resi.exception.NoMoreDecision: null\n    at fr.inria.spirals.npefix.resi.selector.ExplorerSelector.select(ExplorerSelector.java:108)\n    at fr.inria.spirals.npefix.resi.CallChecker.getDecision(CallChecker.java:75)\n    at fr.inria.spirals.npefix.resi.CallChecker.isToCatch(CallChecker.java:281)\n    at org.apache.commons.math3.geometry.euclidean.twod.SubLine.intersection(SubLine.java:104)\n    at org.apache.commons.math3.geometry.euclidean.twod.SubLineTest.testIntersectionParallel(SubLineTest.java:151)\n    at sun.reflect.NativeMethodAccessorImpl.invoke0(NativeMethodAccessorImpl.java:-2)\n    at sun.reflect.NativeMethodAccessorImpl.invoke(NativeMethodAccessorImpl.java:57)\n    at sun.reflect.DelegatingMethodAccessorImpl.invoke(DelegatingMethodAccessorImpl.java:43)\n    at java.lang.reflect.Method.invoke(Method.java:606)\n    at org.junit.runners.model.FrameworkMethod$1.runReflectiveCall(FrameworkMethod.java:47)\n    at org.junit.internal.runners.model.ReflectiveCallable.run(ReflectiveCallable.java:12)\n    at org.junit.runners.model.FrameworkMethod.invokeExplosively(FrameworkMethod.java:44)\n    at org.junit.internal.runners.statements.InvokeMethod.evaluate(InvokeMethod.java:17)\n    at org.junit.runners.ParentRunner.runLeaf(ParentRunner.java:271)\n    at org.junit.runners.BlockJUnit4ClassRunner.runChild(BlockJUnit4ClassRunner.java:70)\n    at org.junit.runners.BlockJUnit4ClassRunner.runChild(BlockJUnit4ClassRunner.java:50)\n    at org.junit.runners.ParentRunner$3.run(ParentRunner.java:238)\n    at org.junit.runners.ParentRunner$1.schedule(ParentRunner.java:63)\n    at org.junit.runners.ParentRunner.runChildren(ParentRunner.java:236)\n    at org.junit.runners.ParentRunner.access$000(ParentRunner.java:53)\n    at org.junit.runners.ParentRunner$2.evaluate(ParentRunner.java:229)\n    at org.junit.runners.ParentRunner.run(ParentRunner.java:309)\n    at org.junit.runner.JUnitCore.run(JUnitCore.java:160)\n    at org.junit.runner.JUnitCore.run(JUnitCore.java:138)\n    at utils.sacha.runner.main.TestRunner.run(TestRunner.java:70)\n\n\n","type":"test","success":false},"startDate":1502962615429,"test":{"name":"testIntersectionParallel","class":"org.apache.commons.math3.geometry.euclidean.twod.SubLineTest"},"diff":"","endDate":1502962615514,"metadata":{"seed":10,"strategy_selection":"exploration"}},{"result":{"error":"testIntersectionParallel(org.apache.commons.math3.geometry.euclidean.twod.SubLineTest): null\nclass fr.inria.spirals.npefix.resi.exception.NoMoreDecision: null\n    at fr.inria.spirals.npefix.resi.selector.ExplorerSelector.select(ExplorerSelector.java:108)\n    at fr.inria.spirals.npefix.resi.CallChecker.getDecision(CallChecker.java:75)\n    at fr.inria.spirals.npefix.resi.CallChecker.isToCatch(CallChecker.java:281)\n    at org.apache.commons.math3.geometry.euclidean.twod.SubLine.intersection(SubLine.java:104)\n    at org.apache.commons.math3.geometry.euclidean.twod.SubLineTest.testIntersectionParallel(SubLineTest.java:151)\n    at sun.reflect.NativeMethodAccessorImpl.invoke0(NativeMethodAccessorImpl.java:-2)\n    at sun.reflect.NativeMethodAccessorImpl.invoke(NativeMethodAccessorImpl.java:57)\n    at sun.reflect.DelegatingMethodAccessorImpl.invoke(DelegatingMethodAccessorImpl.java:43)\n    at java.lang.reflect.Method.invoke(Method.java:606)\n    at org.junit.runners.model.FrameworkMethod$1.runReflectiveCall(FrameworkMethod.java:47)\n    at org.junit.internal.runners.model.ReflectiveCallable.run(ReflectiveCallable.java:12)\n    at org.junit.runners.model.FrameworkMethod.invokeExplosively(FrameworkMethod.java:44)\n    at org.junit.internal.runners.statements.InvokeMethod.evaluate(InvokeMethod.java:17)\n    at org.junit.runners.ParentRunner.runLeaf(ParentRunner.java:271)\n    at org.junit.runners.BlockJUnit4ClassRunner.runChild(BlockJUnit4ClassRunner.java:70)\n    at org.junit.runners.BlockJUnit4ClassRunner.runChild(BlockJUnit4ClassRunner.java:50)\n    at org.junit.runners.ParentRunner$3.run(ParentRunner.java:238)\n    at org.junit.runners.ParentRunner$1.schedule(ParentRunner.java:63)\n    at org.junit.runners.ParentRunner.runChildren(ParentRunner.java:236)\n    at org.junit.runners.ParentRunner.access$000(ParentRunner.java:53)\n    at org.junit.runners.ParentRunner$2.evaluate(ParentRunner.java:229)\n    at org.junit.runners.ParentRunner.run(ParentRunner.java:309)\n    at org.junit.runner.JUnitCore.run(JUnitCore.java:160)\n    at org.junit.runner.JUnitCore.run(JUnitCore.java:138)\n    at utils.sacha.runner.main.TestRunner.run(TestRunner.java:70)\n\n\n","type":"test","success":false},"startDate":1502962615514,"test":{"name":"testIntersectionParallel","class":"org.apache.commons.math3.geometry.euclidean.twod.SubLineTest"},"diff":"","endDate":1502962615532,"metadata":{"seed":10,"strategy_selection":"exploration"}},{"result":{"error":"testIntersectionNotIntersecting(org.apache.commons.math3.geometry.euclidean.threed.SubLineTest): expected null, but was:<{1; 0; 0}>\nclass java.lang.AssertionError: expected null, but was:<{1; 0; 0}>\n    at org.junit.Assert.fail(Assert.java:88)\n    at org.junit.Assert.failNotNull(Assert.java:664)\n    at org.junit.Assert.assertNull(Assert.java:646)\n    at org.junit.Assert.assertNull(Assert.java:656)\n    at org.apache.commons.math3.geometry.euclidean.threed.SubLineTest.testIntersectionNotIntersecting(SubLineTest.java:160)\n    at sun.reflect.NativeMethodAccessorImpl.invoke0(NativeMethodAccessorImpl.java:-2)\n    at sun.reflect.NativeMethodAccessorImpl.invoke(NativeMethodAccessorImpl.java:57)\n    at sun.reflect.DelegatingMethodAccessorImpl.invoke(DelegatingMethodAccessorImpl.java:43)\n    at java.lang.reflect.Method.invoke(Method.java:606)\n    at org.junit.runners.model.FrameworkMethod$1.runReflectiveCall(FrameworkMethod.java:47)\n    at org.junit.internal.runners.model.ReflectiveCallable.run(ReflectiveCallable.java:12)\n    at org.junit.runners.model.FrameworkMethod.invokeExplosively(FrameworkMethod.java:44)\n    at org.junit.internal.runners.statements.InvokeMethod.evaluate(InvokeMethod.java:17)\n    at org.junit.runners.ParentRunner.runLeaf(ParentRunner.java:271)\n    at org.junit.runners.BlockJUnit4ClassRunner.runChild(BlockJUnit4ClassRunner.java:70)\n    at org.junit.runners.BlockJUnit4ClassRunner.runChild(BlockJUnit4ClassRunner.java:50)\n    at org.junit.runners.ParentRunner$3.run(ParentRunner.java:238)\n    at org.junit.runners.ParentRunner$1.schedule(ParentRunner.java:63)\n    at org.junit.runners.ParentRunner.runChildren(ParentRunner.java:236)\n    at org.junit.runners.ParentRunner.access$000(ParentRunner.java:53)\n    at org.junit.runners.ParentRunner$2.evaluate(ParentRunner.java:229)\n    at org.junit.runners.ParentRunner.run(ParentRunner.java:309)\n    at org.junit.runner.JUnitCore.run(JUnitCore.java:160)\n    at org.junit.runner.JUnitCore.run(JUnitCore.java:138)\n    at utils.sacha.runner.main.TestRunner.run(TestRunner.java:70)\n\n\n","type":"test","success":false},"startDate":1502962615763,"locations":[{"sourceEnd":5497,"executionCount":0,"line":110,"class":"org.apache.commons.math3.geometry.euclidean.threed.SubLine","sourceStart":3930}],"test":{"name":"testIntersectionNotIntersecting","class":"org.apache.commons.math3.geometry.euclidean.threed.SubLineTest"},"decisions":[{"nbUse":1,"location":{"sourceEnd":5497,"line":110,"class":"org.apache.commons.math3.geometry.euclidean.threed.SubLine","sourceStart":3930},"value":{"instanceType":"New","class":"org.apache.commons.math3.geometry.euclidean.threed.Vector3D","parameters":[{"instanceType":"Primitive","value":0,"class":"class java.lang.Double"},{"instanceType":"Primitive","value":0,"class":"class java.lang.Double"}],"parameterTypes":["double","double"]},"epsilon":0,"strategy":"Strat4 NEW","used":true,"decisionType":"NEW"}],"endDate":1502962615818,"metadata":{"seed":10,"strategy_selection":"exploration"}},{"result":{"error":"testIntersectionNotIntersecting(org.apache.commons.math3.geometry.euclidean.threed.SubLineTest): null\nclass fr.inria.spirals.npefix.resi.exception.NoMoreDecision: null\n    at fr.inria.spirals.npefix.resi.selector.ExplorerSelector.select(ExplorerSelector.java:108)\n    at fr.inria.spirals.npefix.resi.CallChecker.getDecision(CallChecker.java:75)\n    at fr.inria.spirals.npefix.resi.CallChecker.isToCatch(CallChecker.java:281)\n    at org.apache.commons.math3.geometry.euclidean.threed.SubLine.intersection(SubLine.java:99)\n    at org.apache.commons.math3.geometry.euclidean.threed.SubLineTest.testIntersectionNotIntersecting(SubLineTest.java:160)\n    at sun.reflect.NativeMethodAccessorImpl.invoke0(NativeMethodAccessorImpl.java:-2)\n    at sun.reflect.NativeMethodAccessorImpl.invoke(NativeMethodAccessorImpl.java:57)\n    at sun.reflect.DelegatingMethodAccessorImpl.invoke(DelegatingMethodAccessorImpl.java:43)\n    at java.lang.reflect.Method.invoke(Method.java:606)\n    at org.junit.runners.model.FrameworkMethod$1.runReflectiveCall(FrameworkMethod.java:47)\n    at org.junit.internal.runners.model.ReflectiveCallable.run(ReflectiveCallable.java:12)\n    at org.junit.runners.model.FrameworkMethod.invokeExplosively(FrameworkMethod.java:44)\n    at org.junit.internal.runners.statements.InvokeMethod.evaluate(InvokeMethod.java:17)\n    at org.junit.runners.ParentRunner.runLeaf(ParentRunner.java:271)\n    at org.junit.runners.BlockJUnit4ClassRunner.runChild(BlockJUnit4ClassRunner.java:70)\n    at org.junit.runners.BlockJUnit4ClassRunner.runChild(BlockJUnit4ClassRunner.java:50)\n    at org.junit.runners.ParentRunner$3.run(ParentRunner.java:238)\n    at org.junit.runners.ParentRunner$1.schedule(ParentRunner.java:63)\n    at org.junit.runners.ParentRunner.runChildren(ParentRunner.java:236)\n    at org.junit.runners.ParentRunner.access$000(ParentRunner.java:53)\n    at org.junit.runners.ParentRunner$2.evaluate(ParentRunner.java:229)\n    at org.junit.runners.ParentRunner.run(ParentRunner.java:309)\n    at org.junit.runner.JUnitCore.run(JUnitCore.java:160)\n    at org.junit.runner.JUnitCore.run(JUnitCore.java:138)\n    at utils.sacha.runner.main.TestRunner.run(TestRunner.java:70)\n\n\n","type":"test","success":false},"startDate":1502962615819,"test":{"name":"testIntersectionNotIntersecting","class":"org.apache.commons.math3.geometry.euclidean.threed.SubLineTest"},"diff":"","endDate":1502962615852,"metadata":{"seed":10,"strategy_selection":"exploration"}},{"result":{"error":"testIntersectionNotIntersecting(org.apache.commons.math3.geometry.euclidean.threed.SubLineTest): null\nclass fr.inria.spirals.npefix.resi.exception.NoMoreDecision: null\n    at fr.inria.spirals.npefix.resi.selector.ExplorerSelector.select(ExplorerSelector.java:108)\n    at fr.inria.spirals.npefix.resi.CallChecker.getDecision(CallChecker.java:75)\n    at fr.inria.spirals.npefix.resi.CallChecker.isToCatch(CallChecker.java:281)\n    at org.apache.commons.math3.geometry.euclidean.threed.SubLine.intersection(SubLine.java:99)\n    at org.apache.commons.math3.geometry.euclidean.threed.SubLineTest.testIntersectionNotIntersecting(SubLineTest.java:160)\n    at sun.reflect.NativeMethodAccessorImpl.invoke0(NativeMethodAccessorImpl.java:-2)\n    at sun.reflect.NativeMethodAccessorImpl.invoke(NativeMethodAccessorImpl.java:57)\n    at sun.reflect.DelegatingMethodAccessorImpl.invoke(DelegatingMethodAccessorImpl.java:43)\n    at java.lang.reflect.Method.invoke(Method.java:606)\n    at org.junit.runners.model.FrameworkMethod$1.runReflectiveCall(FrameworkMethod.java:47)\n    at org.junit.internal.runners.model.ReflectiveCallable.run(ReflectiveCallable.java:12)\n    at org.junit.runners.model.FrameworkMethod.invokeExplosively(FrameworkMethod.java:44)\n    at org.junit.internal.runners.statements.InvokeMethod.evaluate(InvokeMethod.java:17)\n    at org.junit.runners.ParentRunner.runLeaf(ParentRunner.java:271)\n    at org.junit.runners.BlockJUnit4ClassRunner.runChild(BlockJUnit4ClassRunner.java:70)\n    at org.junit.runners.BlockJUnit4ClassRunner.runChild(BlockJUnit4ClassRunner.java:50)\n    at org.junit.runners.ParentRunner$3.run(ParentRunner.java:238)\n    at org.junit.runners.ParentRunner$1.schedule(ParentRunner.java:63)\n    at org.junit.runners.ParentRunner.runChildren(ParentRunner.java:236)\n    at org.junit.runners.ParentRunner.access$000(ParentRunner.java:53)\n    at org.junit.runners.ParentRunner$2.evaluate(ParentRunner.java:229)\n    at org.junit.runners.ParentRunner.run(ParentRunner.java:309)\n    at org.junit.runner.JUnitCore.run(JUnitCore.java:160)\n    at org.junit.runner.JUnitCore.run(JUnitCore.java:138)\n    at utils.sacha.runner.main.TestRunner.run(TestRunner.java:70)\n\n\n","type":"test","success":false},"startDate":1502962615852,"test":{"name":"testIntersectionNotIntersecting","class":"org.apache.commons.math3.geometry.euclidean.threed.SubLineTest"},"diff":"","endDate":1502962615886,"metadata":{"seed":10,"strategy_selection":"exploration"}},{"result":{"error":"testIntersectionParallel(org.apache.commons.math3.geometry.euclidean.twod.SubLineTest): null\nclass fr.inria.spirals.npefix.resi.exception.NoMoreDecision: null\n    at fr.inria.spirals.npefix.resi.selector.ExplorerSelector.select(ExplorerSelector.java:108)\n    at fr.inria.spirals.npefix.resi.CallChecker.getDecision(CallChecker.java:75)\n    at fr.inria.spirals.npefix.resi.CallChecker.isToCatch(CallChecker.java:281)\n    at org.apache.commons.math3.geometry.euclidean.twod.SubLine.intersection(SubLine.java:104)\n    at org.apache.commons.math3.geometry.euclidean.twod.SubLineTest.testIntersectionParallel(SubLineTest.java:151)\n    at sun.reflect.NativeMethodAccessorImpl.invoke0(NativeMethodAccessorImpl.java:-2)\n    at sun.reflect.NativeMethodAccessorImpl.invoke(NativeMethodAccessorImpl.java:57)\n    at sun.reflect.DelegatingMethodAccessorImpl.invoke(DelegatingMethodAccessorImpl.java:43)\n    at java.lang.reflect.Method.invoke(Method.java:606)\n    at org.junit.runners.model.FrameworkMethod$1.runReflectiveCall(FrameworkMethod.java:47)\n    at org.junit.internal.runners.model.ReflectiveCallable.run(ReflectiveCallable.java:12)\n    at org.junit.runners.model.FrameworkMethod.invokeExplosively(FrameworkMethod.java:44)\n    at org.junit.internal.runners.statements.InvokeMethod.evaluate(InvokeMethod.java:17)\n    at org.junit.runners.ParentRunner.runLeaf(ParentRunner.java:271)\n    at org.junit.runners.BlockJUnit4ClassRunner.runChild(BlockJUnit4ClassRunner.java:70)\n    at org.junit.runners.BlockJUnit4ClassRunner.runChild(BlockJUnit4ClassRunner.java:50)\n    at org.junit.runners.ParentRunner$3.run(ParentRunner.java:238)\n    at org.junit.runners.ParentRunner$1.schedule(ParentRunner.java:63)\n    at org.junit.runners.ParentRunner.runChildren(ParentRunner.java:236)\n    at org.junit.runners.ParentRunner.access$000(ParentRunner.java:53)\n    at org.junit.runners.ParentRunner$2.evaluate(ParentRunner.java:229)\n    at org.junit.runners.ParentRunner.run(ParentRunner.java:309)\n    at org.junit.runner.JUnitCore.run(JUnitCore.java:160)\n    at org.junit.runner.JUnitCore.run(JUnitCore.java:138)\n    at utils.sacha.runner.main.TestRunner.run(TestRunner.java:70)\n\n\n","type":"test","success":false},"startDate":1502962615663,"test":{"name":"testIntersectionParallel","class":"org.apache.commons.math3.geometry.euclidean.twod.SubLineTest"},"diff":"","endDate":1502962615744,"metadata":{"seed":10,"strategy_selection":"exploration"}},{"result":{"error":"testIntersectionParallel(org.apache.commons.math3.geometry.euclidean.twod.SubLineTest): null\nclass fr.inria.spirals.npefix.resi.exception.NoMoreDecision: null\n    at fr.inria.spirals.npefix.resi.selector.ExplorerSelector.select(ExplorerSelector.java:108)\n    at fr.inria.spirals.npefix.resi.CallChecker.getDecision(CallChecker.java:75)\n    at fr.inria.spirals.npefix.resi.CallChecker.isToCatch(CallChecker.java:281)\n    at org.apache.commons.math3.geometry.euclidean.twod.SubLine.intersection(SubLine.java:104)\n    at org.apache.commons.math3.geometry.euclidean.twod.SubLineTest.testIntersectionParallel(SubLineTest.java:151)\n    at sun.reflect.NativeMethodAccessorImpl.invoke0(NativeMethodAccessorImpl.java:-2)\n    at sun.reflect.NativeMethodAccessorImpl.invoke(NativeMethodAccessorImpl.java:57)\n    at sun.reflect.DelegatingMethodAccessorImpl.invoke(DelegatingMethodAccessorImpl.java:43)\n    at java.lang.reflect.Method.invoke(Method.java:606)\n    at org.junit.runners.model.FrameworkMethod$1.runReflectiveCall(FrameworkMethod.java:47)\n    at org.junit.internal.runners.model.ReflectiveCallable.run(ReflectiveCallable.java:12)\n    at org.junit.runners.model.FrameworkMethod.invokeExplosively(FrameworkMethod.java:44)\n    at org.junit.internal.runners.statements.InvokeMethod.evaluate(InvokeMethod.java:17)\n    at org.junit.runners.ParentRunner.runLeaf(ParentRunner.java:271)\n    at org.junit.runners.BlockJUnit4ClassRunner.runChild(BlockJUnit4ClassRunner.java:70)\n    at org.junit.runners.BlockJUnit4ClassRunner.runChild(BlockJUnit4ClassRunner.java:50)\n    at org.junit.runners.ParentRunner$3.run(ParentRunner.java:238)\n    at org.junit.runners.ParentRunner$1.schedule(ParentRunner.java:63)\n    at org.junit.runners.ParentRunner.runChildren(ParentRunner.java:236)\n    at org.junit.runners.ParentRunner.access$000(ParentRunner.java:53)\n    at org.junit.runners.ParentRunner$2.evaluate(ParentRunner.java:229)\n    at org.junit.runners.ParentRunner.run(ParentRunner.java:309)\n    at org.junit.runner.JUnitCore.run(JUnitCore.java:160)\n    at org.junit.runner.JUnitCore.run(JUnitCore.java:138)\n    at utils.sacha.runner.main.TestRunner.run(TestRunner.java:70)\n\n\n","type":"test","success":false},"startDate":1502962615744,"test":{"name":"testIntersectionParallel","class":"org.apache.commons.math3.geometry.euclidean.twod.SubLineTest"},"diff":"","endDate":1502962615763,"metadata":{"seed":10,"strategy_selection":"exploration"}}],"start":1502962614410,"searchSpace":[{"nbUse":2,"location":{"sourceEnd":5923,"line":110,"class":"org.apache.commons.math3.geometry.euclidean.twod.SubLine","sourceStart":4218},"value":{"instanceType":"Primitive","value":"null","class":"null"},"epsilon":0,"strategy":"Strat4 NULL","used":true,"decisionType":"NEW"},{"nbUse":0,"location":{"sourceEnd":5923,"line":110,"class":"org.apache.commons.math3.geometry.euclidean.twod.SubLine","sourceStart":4218},"value":{"instanceType":"StaticVariable","class":"org.apache.commons.math3.geometry.euclidean.twod.Vector2D","fieldName":"NaN"},"epsilon":0,"strategy":"Strat4 VAR","used":false,"decisionType":"RANDOM"},{"nbUse":0,"location":{"sourceEnd":5923,"line":110,"class":"org.apache.commons.math3.geometry.euclidean.twod.SubLine","sourceStart":4218},"value":{"instanceType":"StaticVariable","class":"org.apache.commons.math3.geometry.euclidean.twod.Vector2D","fieldName":"POSITIVE_INFINITY"},"epsilon":0,"strategy":"Strat4 VAR","used":false,"decisionType":"RANDOM"},{"nbUse":0,"location":{"sourceEnd":5923,"line":110,"class":"org.apache.commons.math3.geometry.euclidean.twod.SubLine","sourceStart":4218},"value":{"instanceType":"StaticVariable","class":"org.apache.commons.math3.geometry.euclidean.twod.Vector2D","fieldName":"ZERO"},"epsilon":0,"strategy":"Strat4 VAR","used":false,"decisionType":"RANDOM"},{"nbUse":0,"location":{"sourceEnd":5923,"line":110,"class":"org.apache.commons.math3.geometry.euclidean.twod.SubLine","sourceStart":4218},"value":{"instanceType":"StaticVariable","class":"org.apache.commons.math3.geometry.euclidean.twod.Vector2D","fieldName":"NEGATIVE_INFINITY"},"epsilon":0,"strategy":"Strat4 VAR","used":false,"decisionType":"RANDOM"},{"nbUse":0,"location":{"sourceEnd":5923,"line":110,"class":"org.apache.commons.math3.geometry.euclidean.twod.SubLine","sourceStart":4218},"value":{"instanceType":"New","class":"org.apache.commons.math3.geometry.euclidean.twod.Vector2D","parameters":[{"instanceType":"Primitive","value":0,"class":"class java.lang.Double"},{"instanceType":"Primitive","value":0,"class":"class java.lang.Double"}],"parameterTypes":["double","double"]},"epsilon":0,"strategy":"Strat4 NEW","used":false,"decisionType":"RANDOM"},{"nbUse":0,"location":{"sourceEnd":5497,"line":110,"class":"org.apache.commons.math3.geometry.euclidean.threed.SubLine","sourceStart":3930},"value":{"instanceType":"New","class":"org.apache.commons.math3.geometry.euclidean.threed.Vector3D","parameters":[{"instanceType":"Primitive","value":0,"class":"class java.lang.Double"},{"instanceType":"Primitive","value":0,"class":"class java.lang.Double"},{"instanceType":"Primitive","value":0,"class":"class java.lang.Double"}],"parameterTypes":["double","double","double"]},"epsilon":0,"strategy":"Strat4 NEW","used":false,"decisionType":"RANDOM"},{"nbUse":0,"location":{"sourceEnd":5497,"line":110,"class":"org.apache.commons.math3.geometry.euclidean.threed.SubLine","sourceStart":3930},"value":{"instanceType":"New","class":"org.apache.commons.math3.geometry.euclidean.threed.Vector3D","parameters":[{"instanceType":"Primitive","value":0,"class":"class java.lang.Double"},{"instanceType":"Primitive","value":0,"class":"class java.lang.Double"}],"parameterTypes":["double","double"]},"epsilon":0,"strategy":"Strat4 NEW","used":false,"decisionType":"RANDOM"},{"nbUse":2,"location":{"sourceEnd":5497,"line":110,"class":"org.apache.commons.math3.geometry.euclidean.threed.SubLine","sourceStart":3930},"value":{"instanceType":"Primitive","value":"null","class":"null"},"epsilon":0,"strategy":"Strat4 NULL","used":true,"decisionType":"NEW"},{"nbUse":0,"location":{"sourceEnd":5497,"line":110,"class":"org.apache.commons.math3.geometry.euclidean.threed.SubLine","sourceStart":3930},"value":{"instanceType":"StaticVariable","class":"org.apache.commons.math3.geometry.euclidean.threed.Vector3D","fieldName":"MINUS_J"},"epsilon":0,"strategy":"Strat4 VAR","used":false,"decisionType":"RANDOM"},{"nbUse":0,"location":{"sourceEnd":5497,"line":110,"class":"org.apache.commons.math3.geometry.euclidean.threed.SubLine","sourceStart":3930},"value":{"instanceType":"StaticVariable","class":"org.apache.commons.math3.geometry.euclidean.threed.Vector3D","fieldName":"MINUS_K"},"epsilon":0,"strategy":"Strat4 VAR","used":false,"decisionType":"RANDOM"},{"nbUse":0,"location":{"sourceEnd":5497,"line":110,"class":"org.apache.commons.math3.geometry.euclidean.threed.SubLine","sourceStart":3930},"value":{"instanceType":"StaticVariable","class":"org.apache.commons.math3.geometry.euclidean.threed.Vector3D","fieldName":"PLUS_J"},"epsilon":0,"strategy":"Strat4 VAR","used":false,"decisionType":"RANDOM"},{"nbUse":0,"location":{"sourceEnd":5497,"line":110,"class":"org.apache.commons.math3.geometry.euclidean.threed.SubLine","sourceStart":3930},"value":{"instanceType":"StaticVariable","class":"org.apache.commons.math3.geometry.euclidean.threed.Vector3D","fieldName":"PLUS_K"},"epsilon":0,"strategy":"Strat4 VAR","used":false,"decisionType":"RANDOM"},{"nbUse":0,"location":{"sourceEnd":5497,"line":110,"class":"org.apache.commons.math3.geometry.euclidean.threed.SubLine","sourceStart":3930},"value":{"instanceType":"StaticVariable","class":"org.apache.commons.math3.geometry.euclidean.threed.Vector3D","fieldName":"PLUS_I"},"epsilon":0,"strategy":"Strat4 VAR","used":false,"decisionType":"RANDOM"},{"nbUse":0,"location":{"sourceEnd":5497,"line":110,"class":"org.apache.commons.math3.geometry.euclidean.threed.SubLine","sourceStart":3930},"value":{"instanceType":"StaticVariable","class":"org.apache.commons.math3.geometry.euclidean.threed.Vector3D","fieldName":"POSITIVE_INFINITY"},"epsilon":0,"strategy":"Strat4 VAR","used":false,"decisionType":"RANDOM"},{"nbUse":0,"location":{"sourceEnd":5497,"line":110,"class":"org.apache.commons.math3.geometry.euclidean.threed.SubLine","sourceStart":3930},"value":{"instanceType":"StaticVariable","class":"org.apache.commons.math3.geometry.euclidean.threed.Vector3D","fieldName":"NEGATIVE_INFINITY"},"epsilon":0,"strategy":"Strat4 VAR","used":false,"decisionType":"RANDOM"},{"nbUse":0,"location":{"sourceEnd":5497,"line":110,"class":"org.apache.commons.math3.geometry.euclidean.threed.SubLine","sourceStart":3930},"value":{"instanceType":"StaticVariable","class":"org.apache.commons.math3.geometry.euclidean.threed.Vector3D","fieldName":"MINUS_I"},"epsilon":0,"strategy":"Strat4 VAR","used":false,"decisionType":"RANDOM"},{"nbUse":0,"location":{"sourceEnd":5497,"line":110,"class":"org.apache.commons.math3.geometry.euclidean.threed.SubLine","sourceStart":3930},"value":{"instanceType":"StaticVariable","class":"org.apache.commons.math3.geometry.euclidean.threed.Vector3D","fieldName":"ZERO"},"epsilon":0,"strategy":"Strat4 VAR","used":false,"decisionType":"RANDOM"},{"nbUse":0,"location":{"sourceEnd":5497,"line":110,"class":"org.apache.commons.math3.geometry.euclidean.threed.SubLine","sourceStart":3930},"value":{"instanceType":"StaticVariable","class":"org.apache.commons.math3.geometry.euclidean.threed.Vector3D","fieldName":"NaN"},"epsilon":0,"strategy":"Strat4 VAR","used":false,"decisionType":"RANDOM"}],"end":1502962617120}